{"/home/runner/work/quanforge/quanforge/services/edgeCacheManager.ts": {"path":"/home/runner/work/quanforge/quanforge/services/edgeCacheManager.ts","statementMap":{"0":{"start":{"line":48,"column":2},"end":{"line":48,"column":null}},"1":{"start":{"line":49,"column":2},"end":{"line":49,"column":null}},"2":{"start":{"line":50,"column":2},"end":{"line":50,"column":null}},"3":{"start":{"line":51,"column":2},"end":{"line":57,"column":null}},"4":{"start":{"line":58,"column":2},"end":{"line":68,"column":null}},"5":{"start":{"line":69,"column":2},"end":{"line":69,"column":null}},"6":{"start":{"line":70,"column":2},"end":{"line":70,"column":null}},"7":{"start":{"line":71,"column":2},"end":{"line":71,"column":null}},"8":{"start":{"line":72,"column":2},"end":{"line":72,"column":null}},"9":{"start":{"line":75,"column":4},"end":{"line":77,"column":null}},"10":{"start":{"line":76,"column":6},"end":{"line":76,"column":null}},"11":{"start":{"line":78,"column":4},"end":{"line":78,"column":null}},"12":{"start":{"line":79,"column":4},"end":{"line":79,"column":null}},"13":{"start":{"line":80,"column":4},"end":{"line":80,"column":null}},"14":{"start":{"line":84,"column":4},"end":{"line":86,"column":null}},"15":{"start":{"line":85,"column":6},"end":{"line":85,"column":null}},"16":{"start":{"line":90,"column":4},"end":{"line":90,"column":null}},"17":{"start":{"line":90,"column":42},"end":{"line":90,"column":null}},"18":{"start":{"line":92,"column":4},"end":{"line":111,"column":null}},"19":{"start":{"line":93,"column":22},"end":{"line":93,"column":null}},"20":{"start":{"line":95,"column":6},"end":{"line":95,"column":null}},"21":{"start":{"line":95,"column":30},"end":{"line":95,"column":null}},"22":{"start":{"line":96,"column":6},"end":{"line":99,"column":null}},"23":{"start":{"line":97,"column":8},"end":{"line":97,"column":null}},"24":{"start":{"line":98,"column":8},"end":{"line":98,"column":null}},"25":{"start":{"line":101,"column":6},"end":{"line":110,"column":null}},"26":{"start":{"line":102,"column":20},"end":{"line":102,"column":null}},"27":{"start":{"line":103,"column":8},"end":{"line":109,"column":null}},"28":{"start":{"line":104,"column":24},"end":{"line":104,"column":null}},"29":{"start":{"line":105,"column":10},"end":{"line":105,"column":null}},"30":{"start":{"line":106,"column":10},"end":{"line":106,"column":null}},"31":{"start":{"line":107,"column":10},"end":{"line":107,"column":null}},"32":{"start":{"line":108,"column":10},"end":{"line":108,"column":null}},"33":{"start":{"line":123,"column":19},"end":{"line":123,"column":null}},"34":{"start":{"line":124,"column":20},"end":{"line":124,"column":null}},"35":{"start":{"line":127,"column":24},"end":{"line":127,"column":null}},"36":{"start":{"line":128,"column":4},"end":{"line":133,"column":null}},"37":{"start":{"line":129,"column":6},"end":{"line":129,"column":null}},"38":{"start":{"line":130,"column":6},"end":{"line":130,"column":null}},"39":{"start":{"line":131,"column":6},"end":{"line":131,"column":null}},"40":{"start":{"line":132,"column":6},"end":{"line":132,"column":null}},"41":{"start":{"line":136,"column":4},"end":{"line":160,"column":null}},"42":{"start":{"line":137,"column":24},"end":{"line":137,"column":null}},"43":{"start":{"line":138,"column":6},"end":{"line":159,"column":null}},"44":{"start":{"line":140,"column":24},"end":{"line":140,"column":null}},"45":{"start":{"line":141,"column":28},"end":{"line":141,"column":null}},"46":{"start":{"line":143,"column":8},"end":{"line":158,"column":null}},"47":{"start":{"line":145,"column":10},"end":{"line":145,"column":null}},"48":{"start":{"line":146,"column":10},"end":{"line":146,"column":null}},"49":{"start":{"line":148,"column":10},"end":{"line":154,"column":null}},"50":{"start":{"line":149,"column":12},"end":{"line":149,"column":null}},"51":{"start":{"line":151,"column":12},"end":{"line":151,"column":null}},"52":{"start":{"line":153,"column":12},"end":{"line":153,"column":null}},"53":{"start":{"line":156,"column":10},"end":{"line":156,"column":null}},"54":{"start":{"line":157,"column":10},"end":{"line":157,"column":null}},"55":{"start":{"line":163,"column":28},"end":{"line":163,"column":null}},"56":{"start":{"line":164,"column":4},"end":{"line":172,"column":null}},"57":{"start":{"line":166,"column":6},"end":{"line":166,"column":null}},"58":{"start":{"line":167,"column":6},"end":{"line":167,"column":null}},"59":{"start":{"line":168,"column":6},"end":{"line":168,"column":null}},"60":{"start":{"line":169,"column":6},"end":{"line":169,"column":null}},"61":{"start":{"line":170,"column":6},"end":{"line":170,"column":null}},"62":{"start":{"line":171,"column":6},"end":{"line":171,"column":null}},"63":{"start":{"line":174,"column":4},"end":{"line":174,"column":null}},"64":{"start":{"line":175,"column":4},"end":{"line":175,"column":null}},"65":{"start":{"line":183,"column":21},"end":{"line":183,"column":null}},"66":{"start":{"line":184,"column":4},"end":{"line":186,"column":null}},"67":{"start":{"line":185,"column":6},"end":{"line":185,"column":null}},"68":{"start":{"line":189,"column":26},"end":{"line":189,"column":null}},"69":{"start":{"line":190,"column":4},"end":{"line":194,"column":null}},"70":{"start":{"line":192,"column":6},"end":{"line":192,"column":null}},"71":{"start":{"line":193,"column":6},"end":{"line":193,"column":null}},"72":{"start":{"line":197,"column":26},"end":{"line":197,"column":null}},"73":{"start":{"line":198,"column":4},"end":{"line":203,"column":null}},"74":{"start":{"line":200,"column":6},"end":{"line":200,"column":null}},"75":{"start":{"line":201,"column":6},"end":{"line":201,"column":null}},"76":{"start":{"line":202,"column":6},"end":{"line":202,"column":null}},"77":{"start":{"line":205,"column":4},"end":{"line":205,"column":null}},"78":{"start":{"line":212,"column":19},"end":{"line":212,"column":null}},"79":{"start":{"line":215,"column":4},"end":{"line":236,"column":null}},"80":{"start":{"line":216,"column":6},"end":{"line":235,"column":null}},"81":{"start":{"line":217,"column":22},"end":{"line":217,"column":null}},"82":{"start":{"line":218,"column":25},"end":{"line":218,"column":null}},"83":{"start":{"line":220,"column":8},"end":{"line":232,"column":null}},"84":{"start":{"line":221,"column":23},"end":{"line":221,"column":null}},"85":{"start":{"line":222,"column":43},"end":{"line":225,"column":null}},"86":{"start":{"line":227,"column":10},"end":{"line":231,"column":null}},"87":{"start":{"line":229,"column":12},"end":{"line":229,"column":null}},"88":{"start":{"line":230,"column":12},"end":{"line":230,"column":null}},"89":{"start":{"line":234,"column":8},"end":{"line":234,"column":null}},"90":{"start":{"line":239,"column":18},"end":{"line":239,"column":null}},"91":{"start":{"line":240,"column":4},"end":{"line":242,"column":null}},"92":{"start":{"line":241,"column":6},"end":{"line":241,"column":null}},"93":{"start":{"line":244,"column":4},"end":{"line":244,"column":null}},"94":{"start":{"line":251,"column":24},"end":{"line":251,"column":null}},"95":{"start":{"line":252,"column":18},"end":{"line":252,"column":null}},"96":{"start":{"line":254,"column":4},"end":{"line":256,"column":null}},"97":{"start":{"line":255,"column":6},"end":{"line":255,"column":null}},"98":{"start":{"line":258,"column":4},"end":{"line":258,"column":null}},"99":{"start":{"line":262,"column":24},"end":{"line":262,"column":null}},"100":{"start":{"line":263,"column":4},"end":{"line":263,"column":null}},"101":{"start":{"line":271,"column":22},"end":{"line":271,"column":null}},"102":{"start":{"line":273,"column":4},"end":{"line":280,"column":null}},"103":{"start":{"line":274,"column":26},"end":{"line":274,"column":null}},"104":{"start":{"line":275,"column":20},"end":{"line":275,"column":null}},"105":{"start":{"line":277,"column":6},"end":{"line":279,"column":null}},"106":{"start":{"line":278,"column":8},"end":{"line":278,"column":null}},"107":{"start":{"line":282,"column":4},"end":{"line":282,"column":null}},"108":{"start":{"line":289,"column":19},"end":{"line":289,"column":null}},"109":{"start":{"line":292,"column":4},"end":{"line":292,"column":null}},"110":{"start":{"line":295,"column":4},"end":{"line":311,"column":null}},"111":{"start":{"line":296,"column":6},"end":{"line":310,"column":null}},"112":{"start":{"line":297,"column":22},"end":{"line":297,"column":null}},"113":{"start":{"line":298,"column":25},"end":{"line":305,"column":null}},"114":{"start":{"line":307,"column":8},"end":{"line":307,"column":null}},"115":{"start":{"line":309,"column":8},"end":{"line":309,"column":null}},"116":{"start":{"line":314,"column":18},"end":{"line":314,"column":null}},"117":{"start":{"line":315,"column":4},"end":{"line":317,"column":null}},"118":{"start":{"line":316,"column":6},"end":{"line":316,"column":null}},"119":{"start":{"line":325,"column":6},"end":{"line":325,"column":null}},"120":{"start":{"line":328,"column":6},"end":{"line":328,"column":null}},"121":{"start":{"line":331,"column":6},"end":{"line":331,"column":null}},"122":{"start":{"line":338,"column":51},"end":{"line":347,"column":null}},"123":{"start":{"line":349,"column":4},"end":{"line":349,"column":null}},"124":{"start":{"line":356,"column":16},"end":{"line":356,"column":null}},"125":{"start":{"line":357,"column":27},"end":{"line":357,"column":null}},"126":{"start":{"line":358,"column":4},"end":{"line":358,"column":null}},"127":{"start":{"line":366,"column":4},"end":{"line":378,"column":null}},"128":{"start":{"line":367,"column":6},"end":{"line":377,"column":null}},"129":{"start":{"line":368,"column":26},"end":{"line":368,"column":null}},"130":{"start":{"line":369,"column":8},"end":{"line":374,"column":null}},"131":{"start":{"line":370,"column":10},"end":{"line":373,"column":null}},"132":{"start":{"line":376,"column":8},"end":{"line":376,"column":null}},"133":{"start":{"line":392,"column":19},"end":{"line":392,"column":null}},"134":{"start":{"line":393,"column":20},"end":{"line":393,"column":null}},"135":{"start":{"line":394,"column":16},"end":{"line":394,"column":null}},"136":{"start":{"line":395,"column":27},"end":{"line":395,"column":null}},"137":{"start":{"line":396,"column":26},"end":{"line":396,"column":null}},"138":{"start":{"line":397,"column":17},"end":{"line":397,"column":null}},"139":{"start":{"line":399,"column":37},"end":{"line":410,"column":null}},"140":{"start":{"line":413,"column":4},"end":{"line":413,"column":null}},"141":{"start":{"line":414,"column":4},"end":{"line":414,"column":null}},"142":{"start":{"line":416,"column":4},"end":{"line":419,"column":null}},"143":{"start":{"line":417,"column":6},"end":{"line":417,"column":null}},"144":{"start":{"line":418,"column":6},"end":{"line":418,"column":null}},"145":{"start":{"line":429,"column":19},"end":{"line":429,"column":null}},"146":{"start":{"line":430,"column":21},"end":{"line":430,"column":null}},"147":{"start":{"line":432,"column":4},"end":{"line":454,"column":null}},"148":{"start":{"line":434,"column":6},"end":{"line":438,"column":null}},"149":{"start":{"line":435,"column":8},"end":{"line":437,"column":null}},"150":{"start":{"line":436,"column":10},"end":{"line":436,"column":null}},"151":{"start":{"line":441,"column":6},"end":{"line":445,"column":null}},"152":{"start":{"line":442,"column":8},"end":{"line":444,"column":null}},"153":{"start":{"line":443,"column":10},"end":{"line":443,"column":null}},"154":{"start":{"line":448,"column":6},"end":{"line":448,"column":null}},"155":{"start":{"line":451,"column":6},"end":{"line":453,"column":null}},"156":{"start":{"line":452,"column":8},"end":{"line":452,"column":null}},"157":{"start":{"line":461,"column":21},"end":{"line":467,"column":null}},"158":{"start":{"line":469,"column":4},"end":{"line":469,"column":null}},"159":{"start":{"line":480,"column":19},"end":{"line":480,"column":null}},"160":{"start":{"line":481,"column":17},"end":{"line":481,"column":null}},"161":{"start":{"line":482,"column":17},"end":{"line":482,"column":null}},"162":{"start":{"line":485,"column":23},"end":{"line":487,"column":null}},"163":{"start":{"line":490,"column":22},"end":{"line":490,"column":null}},"164":{"start":{"line":492,"column":4},"end":{"line":535,"column":null}},"165":{"start":{"line":492,"column":17},"end":{"line":492,"column":20}},"166":{"start":{"line":493,"column":20},"end":{"line":493,"column":null}},"167":{"start":{"line":495,"column":29},"end":{"line":527,"column":null}},"168":{"start":{"line":496,"column":8},"end":{"line":526,"column":null}},"169":{"start":{"line":498,"column":25},"end":{"line":498,"column":null}},"170":{"start":{"line":499,"column":10},"end":{"line":502,"column":null}},"171":{"start":{"line":500,"column":12},"end":{"line":500,"column":null}},"172":{"start":{"line":501,"column":12},"end":{"line":501,"column":null}},"173":{"start":{"line":505,"column":27},"end":{"line":510,"column":null}},"174":{"start":{"line":508,"column":14},"end":{"line":508,"column":null}},"175":{"start":{"line":508,"column":31},"end":{"line":508,"column":68}},"176":{"start":{"line":512,"column":10},"end":{"line":522,"column":null}},"177":{"start":{"line":513,"column":12},"end":{"line":518,"column":null}},"178":{"start":{"line":519,"column":12},"end":{"line":519,"column":null}},"179":{"start":{"line":521,"column":12},"end":{"line":521,"column":null}},"180":{"start":{"line":524,"column":10},"end":{"line":524,"column":null}},"181":{"start":{"line":525,"column":10},"end":{"line":525,"column":null}},"182":{"start":{"line":529,"column":6},"end":{"line":529,"column":null}},"183":{"start":{"line":532,"column":6},"end":{"line":534,"column":null}},"184":{"start":{"line":533,"column":8},"end":{"line":533,"column":null}},"185":{"start":{"line":533,"column":37},"end":{"line":533,"column":61}},"186":{"start":{"line":537,"column":4},"end":{"line":537,"column":null}},"187":{"start":{"line":541,"column":4},"end":{"line":541,"column":null}},"188":{"start":{"line":541,"column":36},"end":{"line":541,"column":null}},"189":{"start":{"line":542,"column":4},"end":{"line":542,"column":null}},"190":{"start":{"line":546,"column":4},"end":{"line":546,"column":null}},"191":{"start":{"line":550,"column":4},"end":{"line":550,"column":null}},"192":{"start":{"line":551,"column":4},"end":{"line":551,"column":null}},"193":{"start":{"line":555,"column":18},"end":{"line":555,"column":null}},"194":{"start":{"line":556,"column":4},"end":{"line":558,"column":null}},"195":{"start":{"line":557,"column":6},"end":{"line":557,"column":null}},"196":{"start":{"line":563,"column":20},"end":{"line":563,"column":null}},"197":{"start":{"line":564,"column":18},"end":{"line":564,"column":null}},"198":{"start":{"line":566,"column":4},"end":{"line":568,"column":null}},"199":{"start":{"line":567,"column":6},"end":{"line":567,"column":null}},"200":{"start":{"line":570,"column":4},"end":{"line":570,"column":null}},"201":{"start":{"line":574,"column":20},"end":{"line":574,"column":null}},"202":{"start":{"line":575,"column":4},"end":{"line":575,"column":null}},"203":{"start":{"line":578,"column":18},"end":{"line":578,"column":null}},"204":{"start":{"line":579,"column":4},"end":{"line":581,"column":null}},"205":{"start":{"line":580,"column":6},"end":{"line":580,"column":null}},"206":{"start":{"line":589,"column":26},"end":{"line":591,"column":null}},"207":{"start":{"line":590,"column":19},"end":{"line":590,"column":37}},"208":{"start":{"line":593,"column":32},"end":{"line":595,"column":null}},"209":{"start":{"line":594,"column":6},"end":{"line":594,"column":null}},"210":{"start":{"line":597,"column":4},"end":{"line":597,"column":null}},"211":{"start":{"line":601,"column":4},"end":{"line":601,"column":null}},"212":{"start":{"line":604,"column":4},"end":{"line":607,"column":null}},"213":{"start":{"line":606,"column":6},"end":{"line":606,"column":null}},"214":{"start":{"line":611,"column":4},"end":{"line":611,"column":null}},"215":{"start":{"line":611,"column":31},"end":{"line":611,"column":null}},"216":{"start":{"line":613,"column":4},"end":{"line":635,"column":null}},"217":{"start":{"line":614,"column":26},"end":{"line":614,"column":null}},"218":{"start":{"line":615,"column":20},"end":{"line":615,"column":null}},"219":{"start":{"line":616,"column":22},"end":{"line":616,"column":null}},"220":{"start":{"line":618,"column":6},"end":{"line":618,"column":null}},"221":{"start":{"line":618,"column":30},"end":{"line":618,"column":null}},"222":{"start":{"line":619,"column":6},"end":{"line":634,"column":null}},"223":{"start":{"line":620,"column":23},"end":{"line":620,"column":null}},"224":{"start":{"line":621,"column":8},"end":{"line":624,"column":null}},"225":{"start":{"line":622,"column":10},"end":{"line":622,"column":null}},"226":{"start":{"line":623,"column":10},"end":{"line":623,"column":null}},"227":{"start":{"line":626,"column":22},"end":{"line":626,"column":null}},"228":{"start":{"line":627,"column":8},"end":{"line":631,"column":null}},"229":{"start":{"line":628,"column":10},"end":{"line":628,"column":null}},"230":{"start":{"line":629,"column":10},"end":{"line":629,"column":null}},"231":{"start":{"line":630,"column":10},"end":{"line":630,"column":null}},"232":{"start":{"line":633,"column":8},"end":{"line":633,"column":null}},"233":{"start":{"line":639,"column":4},"end":{"line":639,"column":null}},"234":{"start":{"line":639,"column":31},"end":{"line":639,"column":null}},"235":{"start":{"line":641,"column":4},"end":{"line":648,"column":null}},"236":{"start":{"line":642,"column":26},"end":{"line":642,"column":null}},"237":{"start":{"line":643,"column":20},"end":{"line":643,"column":null}},"238":{"start":{"line":644,"column":22},"end":{"line":644,"column":null}},"239":{"start":{"line":646,"column":6},"end":{"line":646,"column":null}},"240":{"start":{"line":646,"column":30},"end":{"line":646,"column":null}},"241":{"start":{"line":647,"column":6},"end":{"line":647,"column":null}},"242":{"start":{"line":647,"column":32},"end":{"line":647,"column":null}},"243":{"start":{"line":652,"column":4},"end":{"line":652,"column":null}},"244":{"start":{"line":652,"column":31},"end":{"line":652,"column":null}},"245":{"start":{"line":654,"column":4},"end":{"line":661,"column":null}},"246":{"start":{"line":655,"column":26},"end":{"line":655,"column":null}},"247":{"start":{"line":656,"column":20},"end":{"line":656,"column":null}},"248":{"start":{"line":657,"column":22},"end":{"line":657,"column":null}},"249":{"start":{"line":659,"column":6},"end":{"line":659,"column":null}},"250":{"start":{"line":659,"column":30},"end":{"line":659,"column":null}},"251":{"start":{"line":660,"column":6},"end":{"line":660,"column":null}},"252":{"start":{"line":660,"column":32},"end":{"line":660,"column":null}},"253":{"start":{"line":665,"column":4},"end":{"line":665,"column":null}},"254":{"start":{"line":665,"column":31},"end":{"line":665,"column":null}},"255":{"start":{"line":667,"column":4},"end":{"line":685,"column":null}},"256":{"start":{"line":668,"column":26},"end":{"line":668,"column":null}},"257":{"start":{"line":669,"column":20},"end":{"line":669,"column":null}},"258":{"start":{"line":670,"column":22},"end":{"line":670,"column":null}},"259":{"start":{"line":672,"column":6},"end":{"line":682,"column":null}},"260":{"start":{"line":673,"column":24},"end":{"line":673,"column":null}},"261":{"start":{"line":674,"column":8},"end":{"line":681,"column":null}},"262":{"start":{"line":675,"column":10},"end":{"line":677,"column":null}},"263":{"start":{"line":676,"column":12},"end":{"line":676,"column":null}},"264":{"start":{"line":678,"column":10},"end":{"line":678,"column":null}},"265":{"start":{"line":680,"column":10},"end":{"line":680,"column":null}},"266":{"start":{"line":684,"column":6},"end":{"line":684,"column":null}},"267":{"start":{"line":684,"column":30},"end":{"line":684,"column":null}},"268":{"start":{"line":690,"column":4},"end":{"line":693,"column":null}},"269":{"start":{"line":691,"column":20},"end":{"line":691,"column":null}},"270":{"start":{"line":692,"column":6},"end":{"line":692,"column":null}},"271":{"start":{"line":694,"column":4},"end":{"line":694,"column":null}},"272":{"start":{"line":699,"column":28},"end":{"line":699,"column":null}},"273":{"start":{"line":701,"column":4},"end":{"line":703,"column":null}},"274":{"start":{"line":702,"column":6},"end":{"line":702,"column":null}},"275":{"start":{"line":708,"column":31},"end":{"line":708,"column":null}},"276":{"start":{"line":710,"column":4},"end":{"line":712,"column":null}},"277":{"start":{"line":711,"column":6},"end":{"line":711,"column":null}},"278":{"start":{"line":714,"column":4},"end":{"line":716,"column":null}},"279":{"start":{"line":715,"column":6},"end":{"line":715,"column":null}},"280":{"start":{"line":718,"column":4},"end":{"line":720,"column":null}},"281":{"start":{"line":719,"column":6},"end":{"line":719,"column":null}},"282":{"start":{"line":722,"column":4},"end":{"line":722,"column":null}},"283":{"start":{"line":729,"column":25},"end":{"line":729,"column":null}},"284":{"start":{"line":730,"column":26},"end":{"line":730,"column":null}},"285":{"start":{"line":733,"column":4},"end":{"line":735,"column":null}},"286":{"start":{"line":734,"column":6},"end":{"line":734,"column":null}},"287":{"start":{"line":738,"column":4},"end":{"line":740,"column":null}},"288":{"start":{"line":739,"column":6},"end":{"line":739,"column":null}},"289":{"start":{"line":745,"column":4},"end":{"line":751,"column":null}},"290":{"start":{"line":756,"column":4},"end":{"line":761,"column":null}},"291":{"start":{"line":765,"column":4},"end":{"line":775,"column":null}},"292":{"start":{"line":766,"column":19},"end":{"line":766,"column":null}},"293":{"start":{"line":767,"column":6},"end":{"line":772,"column":null}},"294":{"start":{"line":768,"column":8},"end":{"line":771,"column":null}},"295":{"start":{"line":774,"column":6},"end":{"line":774,"column":null}},"296":{"start":{"line":779,"column":4},"end":{"line":790,"column":null}},"297":{"start":{"line":780,"column":19},"end":{"line":780,"column":null}},"298":{"start":{"line":781,"column":6},"end":{"line":787,"column":null}},"299":{"start":{"line":782,"column":8},"end":{"line":786,"column":null}},"300":{"start":{"line":789,"column":6},"end":{"line":789,"column":null}},"301":{"start":{"line":795,"column":4},"end":{"line":812,"column":null}},"302":{"start":{"line":797,"column":6},"end":{"line":797,"column":null}},"303":{"start":{"line":797,"column":35},"end":{"line":797,"column":58}},"304":{"start":{"line":800,"column":6},"end":{"line":802,"column":null}},"305":{"start":{"line":801,"column":8},"end":{"line":801,"column":null}},"306":{"start":{"line":804,"column":6},"end":{"line":806,"column":null}},"307":{"start":{"line":805,"column":8},"end":{"line":805,"column":null}},"308":{"start":{"line":808,"column":6},"end":{"line":808,"column":null}},"309":{"start":{"line":810,"column":6},"end":{"line":810,"column":null}},"310":{"start":{"line":811,"column":6},"end":{"line":811,"column":null}},"311":{"start":{"line":816,"column":4},"end":{"line":816,"column":null}},"312":{"start":{"line":816,"column":45},"end":{"line":816,"column":null}},"313":{"start":{"line":817,"column":4},"end":{"line":817,"column":null}},"314":{"start":{"line":821,"column":4},"end":{"line":821,"column":null}},"315":{"start":{"line":825,"column":4},"end":{"line":832,"column":null}},"316":{"start":{"line":826,"column":25},"end":{"line":826,"column":null}},"317":{"start":{"line":827,"column":12},"end":{"line":827,"column":null}},"318":{"start":{"line":828,"column":6},"end":{"line":828,"column":null}},"319":{"start":{"line":830,"column":6},"end":{"line":830,"column":null}},"320":{"start":{"line":831,"column":6},"end":{"line":831,"column":null}},"321":{"start":{"line":836,"column":4},"end":{"line":843,"column":null}},"322":{"start":{"line":837,"column":6},"end":{"line":837,"column":null}},"323":{"start":{"line":837,"column":36},"end":{"line":837,"column":null}},"324":{"start":{"line":838,"column":12},"end":{"line":838,"column":null}},"325":{"start":{"line":839,"column":6},"end":{"line":839,"column":null}},"326":{"start":{"line":841,"column":6},"end":{"line":841,"column":null}},"327":{"start":{"line":842,"column":6},"end":{"line":842,"column":null}},"328":{"start":{"line":847,"column":20},"end":{"line":847,"column":null}},"329":{"start":{"line":850,"column":4},"end":{"line":854,"column":null}},"330":{"start":{"line":851,"column":21},"end":{"line":851,"column":null}},"331":{"start":{"line":852,"column":21},"end":{"line":852,"column":null}},"332":{"start":{"line":853,"column":6},"end":{"line":853,"column":null}},"333":{"start":{"line":856,"column":22},"end":{"line":856,"column":null}},"334":{"start":{"line":857,"column":23},"end":{"line":857,"column":null}},"335":{"start":{"line":859,"column":4},"end":{"line":871,"column":null}},"336":{"start":{"line":860,"column":6},"end":{"line":862,"column":null}},"337":{"start":{"line":861,"column":8},"end":{"line":861,"column":null}},"338":{"start":{"line":865,"column":6},"end":{"line":867,"column":null}},"339":{"start":{"line":866,"column":8},"end":{"line":866,"column":null}},"340":{"start":{"line":869,"column":6},"end":{"line":869,"column":null}},"341":{"start":{"line":870,"column":6},"end":{"line":870,"column":null}},"342":{"start":{"line":875,"column":15},"end":{"line":875,"column":null}},"343":{"start":{"line":876,"column":4},"end":{"line":878,"column":null}},"344":{"start":{"line":877,"column":6},"end":{"line":877,"column":null}},"345":{"start":{"line":879,"column":4},"end":{"line":879,"column":null}},"346":{"start":{"line":883,"column":16},"end":{"line":883,"column":null}},"347":{"start":{"line":886,"column":4},"end":{"line":890,"column":null}},"348":{"start":{"line":887,"column":6},"end":{"line":889,"column":null}},"349":{"start":{"line":888,"column":8},"end":{"line":888,"column":null}},"350":{"start":{"line":893,"column":4},"end":{"line":897,"column":null}},"351":{"start":{"line":894,"column":6},"end":{"line":896,"column":null}},"352":{"start":{"line":895,"column":8},"end":{"line":895,"column":null}},"353":{"start":{"line":900,"column":4},"end":{"line":913,"column":null}},"354":{"start":{"line":901,"column":26},"end":{"line":901,"column":null}},"355":{"start":{"line":902,"column":20},"end":{"line":902,"column":null}},"356":{"start":{"line":903,"column":20},"end":{"line":903,"column":null}},"357":{"start":{"line":904,"column":22},"end":{"line":904,"column":null}},"358":{"start":{"line":906,"column":6},"end":{"line":912,"column":null}},"359":{"start":{"line":907,"column":24},"end":{"line":907,"column":null}},"360":{"start":{"line":908,"column":8},"end":{"line":911,"column":null}},"361":{"start":{"line":909,"column":10},"end":{"line":909,"column":null}},"362":{"start":{"line":910,"column":10},"end":{"line":910,"column":null}},"363":{"start":{"line":916,"column":4},"end":{"line":919,"column":null}},"364":{"start":{"line":918,"column":6},"end":{"line":918,"column":null}},"365":{"start":{"line":923,"column":4},"end":{"line":925,"column":null}},"366":{"start":{"line":924,"column":6},"end":{"line":924,"column":null}},"367":{"start":{"line":932,"column":22},"end":{"line":932,"column":null}},"368":{"start":{"line":933,"column":26},"end":{"line":933,"column":null}},"369":{"start":{"line":935,"column":4},"end":{"line":944,"column":null}},"370":{"start":{"line":951,"column":18},"end":{"line":951,"column":null}},"371":{"start":{"line":952,"column":24},"end":{"line":952,"column":null}},"372":{"start":{"line":954,"column":4},"end":{"line":968,"column":null}},"373":{"start":{"line":956,"column":22},"end":{"line":956,"column":null}},"374":{"start":{"line":957,"column":22},"end":{"line":957,"column":null}},"375":{"start":{"line":960,"column":25},"end":{"line":960,"column":null}},"376":{"start":{"line":961,"column":25},"end":{"line":961,"column":null}},"377":{"start":{"line":964,"column":21},"end":{"line":964,"column":null}},"378":{"start":{"line":965,"column":21},"end":{"line":965,"column":null}},"379":{"start":{"line":967,"column":6},"end":{"line":967,"column":null}},"380":{"start":{"line":976,"column":4},"end":{"line":976,"column":null}},"381":{"start":{"line":976,"column":37},"end":{"line":976,"column":null}},"382":{"start":{"line":977,"column":4},"end":{"line":977,"column":null}},"383":{"start":{"line":977,"column":36},"end":{"line":977,"column":null}},"384":{"start":{"line":978,"column":4},"end":{"line":978,"column":null}},"385":{"start":{"line":978,"column":37},"end":{"line":978,"column":null}},"386":{"start":{"line":979,"column":4},"end":{"line":979,"column":null}},"387":{"start":{"line":979,"column":38},"end":{"line":979,"column":null}},"388":{"start":{"line":980,"column":4},"end":{"line":980,"column":null}},"389":{"start":{"line":980,"column":35},"end":{"line":980,"column":null}},"390":{"start":{"line":981,"column":4},"end":{"line":981,"column":null}},"391":{"start":{"line":988,"column":4},"end":{"line":988,"column":null}},"392":{"start":{"line":988,"column":55},"end":{"line":988,"column":null}},"393":{"start":{"line":989,"column":4},"end":{"line":989,"column":null}},"394":{"start":{"line":989,"column":58},"end":{"line":989,"column":null}},"395":{"start":{"line":990,"column":4},"end":{"line":990,"column":null}},"396":{"start":{"line":990,"column":58},"end":{"line":990,"column":null}},"397":{"start":{"line":991,"column":4},"end":{"line":991,"column":null}},"398":{"start":{"line":991,"column":60},"end":{"line":991,"column":null}},"399":{"start":{"line":992,"column":4},"end":{"line":992,"column":null}},"400":{"start":{"line":999,"column":18},"end":{"line":999,"column":null}},"401":{"start":{"line":1002,"column":4},"end":{"line":1002,"column":null}},"402":{"start":{"line":1002,"column":37},"end":{"line":1002,"column":null}},"403":{"start":{"line":1003,"column":4},"end":{"line":1003,"column":null}},"404":{"start":{"line":1003,"column":37},"end":{"line":1003,"column":null}},"405":{"start":{"line":1004,"column":4},"end":{"line":1004,"column":null}},"406":{"start":{"line":1004,"column":36},"end":{"line":1004,"column":null}},"407":{"start":{"line":1005,"column":4},"end":{"line":1005,"column":null}},"408":{"start":{"line":1005,"column":38},"end":{"line":1005,"column":null}},"409":{"start":{"line":1008,"column":4},"end":{"line":1008,"column":null}},"410":{"start":{"line":1008,"column":29},"end":{"line":1008,"column":null}},"411":{"start":{"line":1009,"column":4},"end":{"line":1009,"column":null}},"412":{"start":{"line":1009,"column":28},"end":{"line":1009,"column":null}},"413":{"start":{"line":1011,"column":4},"end":{"line":1011,"column":null}},"414":{"start":{"line":1018,"column":25},"end":{"line":1018,"column":null}},"415":{"start":{"line":1019,"column":18},"end":{"line":1019,"column":null}},"416":{"start":{"line":1022,"column":26},"end":{"line":1022,"column":null}},"417":{"start":{"line":1024,"column":4},"end":{"line":1026,"column":null}},"418":{"start":{"line":1025,"column":6},"end":{"line":1025,"column":null}},"419":{"start":{"line":1028,"column":4},"end":{"line":1028,"column":null}},"420":{"start":{"line":1030,"column":4},"end":{"line":1034,"column":null}},"421":{"start":{"line":1041,"column":27},"end":{"line":1041,"column":null}},"422":{"start":{"line":1044,"column":21},"end":{"line":1050,"column":null}},"423":{"start":{"line":1053,"column":24},"end":{"line":1053,"column":null}},"424":{"start":{"line":1054,"column":4},"end":{"line":1057,"column":null}},"425":{"start":{"line":1056,"column":6},"end":{"line":1056,"column":null}},"426":{"start":{"line":1060,"column":10},"end":{"line":1060,"column":null}},"427":{"start":{"line":1061,"column":4},"end":{"line":1064,"column":null}},"428":{"start":{"line":1063,"column":6},"end":{"line":1063,"column":null}},"429":{"start":{"line":1066,"column":4},"end":{"line":1066,"column":null}},"430":{"start":{"line":1077,"column":19},"end":{"line":1077,"column":null}},"431":{"start":{"line":1078,"column":22},"end":{"line":1078,"column":null}},"432":{"start":{"line":1079,"column":19},"end":{"line":1079,"column":null}},"433":{"start":{"line":1081,"column":4},"end":{"line":1098,"column":null}},"434":{"start":{"line":1083,"column":26},"end":{"line":1083,"column":null}},"435":{"start":{"line":1086,"column":6},"end":{"line":1086,"column":null}},"436":{"start":{"line":1087,"column":6},"end":{"line":1087,"column":null}},"437":{"start":{"line":1090,"column":6},"end":{"line":1097,"column":null}},"438":{"start":{"line":1091,"column":29},"end":{"line":1091,"column":null}},"439":{"start":{"line":1092,"column":8},"end":{"line":1096,"column":null}},"440":{"start":{"line":1093,"column":27},"end":{"line":1093,"column":null}},"441":{"start":{"line":1094,"column":10},"end":{"line":1094,"column":null}},"442":{"start":{"line":1095,"column":10},"end":{"line":1095,"column":null}},"443":{"start":{"line":1100,"column":4},"end":{"line":1100,"column":null}},"444":{"start":{"line":1107,"column":16},"end":{"line":1107,"column":null}},"445":{"start":{"line":1109,"column":4},"end":{"line":1111,"column":null}},"446":{"start":{"line":1110,"column":6},"end":{"line":1110,"column":null}},"447":{"start":{"line":1110,"column":45},"end":{"line":1110,"column":null}},"448":{"start":{"line":1113,"column":4},"end":{"line":1115,"column":null}},"449":{"start":{"line":1114,"column":6},"end":{"line":1114,"column":null}},"450":{"start":{"line":1114,"column":45},"end":{"line":1114,"column":null}},"451":{"start":{"line":1117,"column":4},"end":{"line":1117,"column":null}},"452":{"start":{"line":1124,"column":35},"end":{"line":1124,"column":null}},"453":{"start":{"line":1127,"column":4},"end":{"line":1129,"column":null}},"454":{"start":{"line":1128,"column":6},"end":{"line":1128,"column":null}},"455":{"start":{"line":1131,"column":4},"end":{"line":1133,"column":null}},"456":{"start":{"line":1132,"column":6},"end":{"line":1132,"column":null}},"457":{"start":{"line":1135,"column":4},"end":{"line":1137,"column":null}},"458":{"start":{"line":1136,"column":6},"end":{"line":1136,"column":null}},"459":{"start":{"line":1139,"column":4},"end":{"line":1139,"column":null}},"460":{"start":{"line":1146,"column":18},"end":{"line":1146,"column":null}},"461":{"start":{"line":1149,"column":4},"end":{"line":1153,"column":null}},"462":{"start":{"line":1150,"column":6},"end":{"line":1150,"column":null}},"463":{"start":{"line":1151,"column":4},"end":{"line":1153,"column":null}},"464":{"start":{"line":1152,"column":6},"end":{"line":1152,"column":null}},"465":{"start":{"line":1156,"column":4},"end":{"line":1158,"column":null}},"466":{"start":{"line":1157,"column":6},"end":{"line":1157,"column":null}},"467":{"start":{"line":1161,"column":4},"end":{"line":1161,"column":null}},"468":{"start":{"line":1163,"column":4},"end":{"line":1168,"column":null}},"469":{"start":{"line":1175,"column":28},"end":{"line":1175,"column":null}},"470":{"start":{"line":1176,"column":24},"end":{"line":1176,"column":null}},"471":{"start":{"line":1178,"column":4},"end":{"line":1183,"column":null}},"472":{"start":{"line":1179,"column":6},"end":{"line":1182,"column":null}},"473":{"start":{"line":1180,"column":8},"end":{"line":1180,"column":null}},"474":{"start":{"line":1181,"column":8},"end":{"line":1181,"column":null}},"475":{"start":{"line":1186,"column":4},"end":{"line":1190,"column":null}},"476":{"start":{"line":1187,"column":6},"end":{"line":1187,"column":null}},"477":{"start":{"line":1188,"column":4},"end":{"line":1190,"column":null}},"478":{"start":{"line":1189,"column":6},"end":{"line":1189,"column":null}},"479":{"start":{"line":1194,"column":4},"end":{"line":1197,"column":null}},"480":{"start":{"line":1195,"column":6},"end":{"line":1195,"column":null}},"481":{"start":{"line":1196,"column":6},"end":{"line":1196,"column":null}},"482":{"start":{"line":1199,"column":4},"end":{"line":1202,"column":null}},"483":{"start":{"line":1200,"column":6},"end":{"line":1200,"column":null}},"484":{"start":{"line":1201,"column":6},"end":{"line":1201,"column":null}},"485":{"start":{"line":1204,"column":4},"end":{"line":1204,"column":null}},"486":{"start":{"line":1205,"column":4},"end":{"line":1205,"column":null}},"487":{"start":{"line":1210,"column":32},"end":{"line":1210,"column":null}}},"fnMap":{"0":{"name":"(anonymous_0)","decl":{"start":{"line":74,"column":2},"end":{"line":74,"column":14}},"loc":{"start":{"line":74,"column":49},"end":{"line":81,"column":null}},"line":74},"1":{"name":"(anonymous_1)","decl":{"start":{"line":83,"column":10},"end":{"line":83,"column":42}},"loc":{"start":{"line":83,"column":42},"end":{"line":87,"column":null}},"line":83},"2":{"name":"(anonymous_2)","decl":{"start":{"line":84,"column":36},"end":{"line":84,"column":46}},"loc":{"start":{"line":84,"column":46},"end":{"line":86,"column":5}},"line":84},"3":{"name":"(anonymous_3)","decl":{"start":{"line":89,"column":16},"end":{"line":89,"column":53}},"loc":{"start":{"line":89,"column":53},"end":{"line":112,"column":null}},"line":89},"4":{"name":"(anonymous_4)","decl":{"start":{"line":92,"column":23},"end":{"line":92,"column":24}},"loc":{"start":{"line":92,"column":44},"end":{"line":111,"column":5}},"line":92},"5":{"name":"(anonymous_5)","decl":{"start":{"line":95,"column":24},"end":{"line":95,"column":30}},"loc":{"start":{"line":95,"column":30},"end":{"line":95,"column":null}},"line":95},"6":{"name":"(anonymous_6)","decl":{"start":{"line":96,"column":26},"end":{"line":96,"column":32}},"loc":{"start":{"line":96,"column":32},"end":{"line":99,"column":null}},"line":96},"7":{"name":"(anonymous_7)","decl":{"start":{"line":101,"column":32},"end":{"line":101,"column":33}},"loc":{"start":{"line":101,"column":43},"end":{"line":110,"column":null}},"line":101},"8":{"name":"(anonymous_8)","decl":{"start":{"line":117,"column":8},"end":{"line":117,"column":12}},"loc":{"start":{"line":122,"column":24},"end":{"line":176,"column":null}},"line":122},"9":{"name":"(anonymous_9)","decl":{"start":{"line":181,"column":16},"end":{"line":181,"column":37}},"loc":{"start":{"line":181,"column":101},"end":{"line":206,"column":null}},"line":181},"10":{"name":"(anonymous_10)","decl":{"start":{"line":211,"column":16},"end":{"line":211,"column":32}},"loc":{"start":{"line":211,"column":96},"end":{"line":245,"column":null}},"line":211},"11":{"name":"(anonymous_11)","decl":{"start":{"line":250,"column":16},"end":{"line":250,"column":37}},"loc":{"start":{"line":250,"column":101},"end":{"line":259,"column":null}},"line":250},"12":{"name":"(anonymous_12)","decl":{"start":{"line":261,"column":16},"end":{"line":261,"column":35}},"loc":{"start":{"line":261,"column":105},"end":{"line":264,"column":null}},"line":261},"13":{"name":"(anonymous_13)","decl":{"start":{"line":269,"column":16},"end":{"line":269,"column":37}},"loc":{"start":{"line":269,"column":101},"end":{"line":283,"column":null}},"line":269},"14":{"name":"(anonymous_14)","decl":{"start":{"line":288,"column":16},"end":{"line":288,"column":30}},"loc":{"start":{"line":288,"column":100},"end":{"line":318,"column":null}},"line":288},"15":{"name":"(anonymous_15)","decl":{"start":{"line":323,"column":10},"end":{"line":323,"column":38}},"loc":{"start":{"line":323,"column":38},"end":{"line":332,"column":null}},"line":323},"16":{"name":"(anonymous_16)","decl":{"start":{"line":337,"column":10},"end":{"line":337,"column":29}},"loc":{"start":{"line":337,"column":55},"end":{"line":350,"column":null}},"line":337},"17":{"name":"(anonymous_17)","decl":{"start":{"line":355,"column":10},"end":{"line":355,"column":27}},"loc":{"start":{"line":355,"column":62},"end":{"line":359,"column":null}},"line":355},"18":{"name":"(anonymous_18)","decl":{"start":{"line":364,"column":16},"end":{"line":364,"column":41}},"loc":{"start":{"line":364,"column":110},"end":{"line":379,"column":null}},"line":364},"19":{"name":"(anonymous_19)","decl":{"start":{"line":366,"column":15},"end":{"line":366,"column":27}},"loc":{"start":{"line":366,"column":27},"end":{"line":378,"column":7}},"line":366},"20":{"name":"(anonymous_20)","decl":{"start":{"line":384,"column":8},"end":{"line":384,"column":12}},"loc":{"start":{"line":391,"column":20},"end":{"line":420,"column":null}},"line":391},"21":{"name":"(anonymous_21)","decl":{"start":{"line":425,"column":8},"end":{"line":425,"column":19}},"loc":{"start":{"line":428,"column":20},"end":{"line":455,"column":null}},"line":428},"22":{"name":"(anonymous_22)","decl":{"start":{"line":460,"column":8},"end":{"line":460,"column":27}},"loc":{"start":{"line":460,"column":111},"end":{"line":470,"column":null}},"line":460},"23":{"name":"(anonymous_23)","decl":{"start":{"line":475,"column":8},"end":{"line":475,"column":15}},"loc":{"start":{"line":479,"column":50},"end":{"line":538,"column":null}},"line":479},"24":{"name":"(anonymous_24)","decl":{"start":{"line":495,"column":39},"end":{"line":495,"column":46}},"loc":{"start":{"line":495,"column":54},"end":{"line":527,"column":7}},"line":495},"25":{"name":"(anonymous_25)","decl":{"start":{"line":507,"column":30},"end":{"line":507,"column":31}},"loc":{"start":{"line":508,"column":14},"end":{"line":508,"column":null}},"line":508},"26":{"name":"(anonymous_26)","decl":{"start":{"line":508,"column":25},"end":{"line":508,"column":31}},"loc":{"start":{"line":508,"column":31},"end":{"line":508,"column":68}},"line":508},"27":{"name":"(anonymous_27)","decl":{"start":{"line":533,"column":26},"end":{"line":533,"column":37}},"loc":{"start":{"line":533,"column":37},"end":{"line":533,"column":61}},"line":533},"28":{"name":"(anonymous_28)","decl":{"start":{"line":540,"column":10},"end":{"line":540,"column":21}},"loc":{"start":{"line":540,"column":59},"end":{"line":543,"column":null}},"line":540},"29":{"name":"(anonymous_29)","decl":{"start":{"line":545,"column":10},"end":{"line":545,"column":23}},"loc":{"start":{"line":545,"column":58},"end":{"line":547,"column":null}},"line":545},"30":{"name":"(anonymous_30)","decl":{"start":{"line":549,"column":10},"end":{"line":549,"column":23}},"loc":{"start":{"line":549,"column":55},"end":{"line":552,"column":null}},"line":549},"31":{"name":"(anonymous_31)","decl":{"start":{"line":554,"column":10},"end":{"line":554,"column":30}},"loc":{"start":{"line":554,"column":92},"end":{"line":559,"column":null}},"line":554},"32":{"name":"(anonymous_32)","decl":{"start":{"line":561,"column":16},"end":{"line":561,"column":33}},"loc":{"start":{"line":561,"column":97},"end":{"line":571,"column":null}},"line":561},"33":{"name":"(anonymous_33)","decl":{"start":{"line":573,"column":16},"end":{"line":573,"column":31}},"loc":{"start":{"line":573,"column":101},"end":{"line":582,"column":null}},"line":573},"34":{"name":"(anonymous_34)","decl":{"start":{"line":584,"column":16},"end":{"line":584,"column":null}},"loc":{"start":{"line":588,"column":19},"end":{"line":598,"column":null}},"line":588},"35":{"name":"(anonymous_35)","decl":{"start":{"line":590,"column":14},"end":{"line":590,"column":19}},"loc":{"start":{"line":590,"column":19},"end":{"line":590,"column":37}},"line":590},"36":{"name":"(anonymous_36)","decl":{"start":{"line":593,"column":50},"end":{"line":593,"column":null}},"loc":{"start":{"line":594,"column":6},"end":{"line":594,"column":null}},"line":594},"37":{"name":"(anonymous_37)","decl":{"start":{"line":600,"column":10},"end":{"line":600,"column":27}},"loc":{"start":{"line":600,"column":72},"end":{"line":608,"column":null}},"line":600},"38":{"name":"(anonymous_38)","decl":{"start":{"line":610,"column":16},"end":{"line":610,"column":33}},"loc":{"start":{"line":610,"column":81},"end":{"line":636,"column":null}},"line":610},"39":{"name":"(anonymous_39)","decl":{"start":{"line":613,"column":23},"end":{"line":613,"column":24}},"loc":{"start":{"line":613,"column":36},"end":{"line":635,"column":5}},"line":613},"40":{"name":"(anonymous_40)","decl":{"start":{"line":618,"column":24},"end":{"line":618,"column":30}},"loc":{"start":{"line":618,"column":30},"end":{"line":618,"column":null}},"line":618},"41":{"name":"(anonymous_41)","decl":{"start":{"line":619,"column":26},"end":{"line":619,"column":32}},"loc":{"start":{"line":619,"column":32},"end":{"line":634,"column":null}},"line":619},"42":{"name":"(anonymous_42)","decl":{"start":{"line":638,"column":16},"end":{"line":638,"column":31}},"loc":{"start":{"line":638,"column":85},"end":{"line":649,"column":null}},"line":638},"43":{"name":"(anonymous_43)","decl":{"start":{"line":641,"column":23},"end":{"line":641,"column":24}},"loc":{"start":{"line":641,"column":36},"end":{"line":648,"column":5}},"line":641},"44":{"name":"(anonymous_44)","decl":{"start":{"line":646,"column":24},"end":{"line":646,"column":30}},"loc":{"start":{"line":646,"column":30},"end":{"line":646,"column":null}},"line":646},"45":{"name":"(anonymous_45)","decl":{"start":{"line":647,"column":26},"end":{"line":647,"column":32}},"loc":{"start":{"line":647,"column":32},"end":{"line":647,"column":null}},"line":647},"46":{"name":"(anonymous_46)","decl":{"start":{"line":651,"column":16},"end":{"line":651,"column":36}},"loc":{"start":{"line":651,"column":64},"end":{"line":662,"column":null}},"line":651},"47":{"name":"(anonymous_47)","decl":{"start":{"line":654,"column":23},"end":{"line":654,"column":24}},"loc":{"start":{"line":654,"column":36},"end":{"line":661,"column":5}},"line":654},"48":{"name":"(anonymous_48)","decl":{"start":{"line":659,"column":24},"end":{"line":659,"column":30}},"loc":{"start":{"line":659,"column":30},"end":{"line":659,"column":null}},"line":659},"49":{"name":"(anonymous_49)","decl":{"start":{"line":660,"column":26},"end":{"line":660,"column":32}},"loc":{"start":{"line":660,"column":32},"end":{"line":660,"column":null}},"line":660},"50":{"name":"(anonymous_50)","decl":{"start":{"line":664,"column":16},"end":{"line":664,"column":36}},"loc":{"start":{"line":664,"column":68},"end":{"line":686,"column":null}},"line":664},"51":{"name":"(anonymous_51)","decl":{"start":{"line":667,"column":23},"end":{"line":667,"column":24}},"loc":{"start":{"line":667,"column":36},"end":{"line":685,"column":5}},"line":667},"52":{"name":"(anonymous_52)","decl":{"start":{"line":672,"column":26},"end":{"line":672,"column":27}},"loc":{"start":{"line":672,"column":37},"end":{"line":682,"column":null}},"line":672},"53":{"name":"(anonymous_53)","decl":{"start":{"line":684,"column":24},"end":{"line":684,"column":30}},"loc":{"start":{"line":684,"column":30},"end":{"line":684,"column":null}},"line":684},"54":{"name":"(anonymous_54)","decl":{"start":{"line":688,"column":10},"end":{"line":688,"column":25}},"loc":{"start":{"line":688,"column":64},"end":{"line":695,"column":null}},"line":688},"55":{"name":"(anonymous_55)","decl":{"start":{"line":697,"column":16},"end":{"line":697,"column":36}},"loc":{"start":{"line":697,"column":68},"end":{"line":704,"column":null}},"line":697},"56":{"name":"(anonymous_56)","decl":{"start":{"line":706,"column":10},"end":{"line":706,"column":29}},"loc":{"start":{"line":706,"column":56},"end":{"line":723,"column":null}},"line":706},"57":{"name":"(anonymous_57)","decl":{"start":{"line":728,"column":16},"end":{"line":728,"column":56}},"loc":{"start":{"line":728,"column":56},"end":{"line":741,"column":null}},"line":728},"58":{"name":"(anonymous_58)","decl":{"start":{"line":743,"column":10},"end":{"line":743,"column":42}},"loc":{"start":{"line":743,"column":42},"end":{"line":752,"column":null}},"line":743},"59":{"name":"(anonymous_59)","decl":{"start":{"line":754,"column":10},"end":{"line":754,"column":39}},"loc":{"start":{"line":754,"column":39},"end":{"line":762,"column":null}},"line":754},"60":{"name":"(anonymous_60)","decl":{"start":{"line":764,"column":16},"end":{"line":764,"column":33}},"loc":{"start":{"line":764,"column":65},"end":{"line":776,"column":null}},"line":764},"61":{"name":"(anonymous_61)","decl":{"start":{"line":778,"column":16},"end":{"line":778,"column":33}},"loc":{"start":{"line":778,"column":62},"end":{"line":791,"column":null}},"line":778},"62":{"name":"(anonymous_62)","decl":{"start":{"line":793,"column":16},"end":{"line":793,"column":35}},"loc":{"start":{"line":793,"column":67},"end":{"line":813,"column":null}},"line":793},"63":{"name":"(anonymous_63)","decl":{"start":{"line":797,"column":24},"end":{"line":797,"column":35}},"loc":{"start":{"line":797,"column":35},"end":{"line":797,"column":58}},"line":797},"64":{"name":"(anonymous_64)","decl":{"start":{"line":815,"column":10},"end":{"line":815,"column":23}},"loc":{"start":{"line":815,"column":40},"end":{"line":818,"column":null}},"line":815},"65":{"name":"(anonymous_65)","decl":{"start":{"line":820,"column":10},"end":{"line":820,"column":25}},"loc":{"start":{"line":820,"column":43},"end":{"line":822,"column":null}},"line":820},"66":{"name":"(anonymous_66)","decl":{"start":{"line":824,"column":10},"end":{"line":824,"column":23}},"loc":{"start":{"line":824,"column":35},"end":{"line":833,"column":null}},"line":824},"67":{"name":"(anonymous_67)","decl":{"start":{"line":835,"column":10},"end":{"line":835,"column":25}},"loc":{"start":{"line":835,"column":37},"end":{"line":844,"column":null}},"line":835},"68":{"name":"(anonymous_68)","decl":{"start":{"line":846,"column":10},"end":{"line":846,"column":35}},"loc":{"start":{"line":846,"column":35},"end":{"line":872,"column":null}},"line":846},"69":{"name":"(anonymous_69)","decl":{"start":{"line":850,"column":17},"end":{"line":850,"column":18}},"loc":{"start":{"line":850,"column":35},"end":{"line":854,"column":5}},"line":850},"70":{"name":"(anonymous_70)","decl":{"start":{"line":874,"column":10},"end":{"line":874,"column":41}},"loc":{"start":{"line":874,"column":41},"end":{"line":880,"column":null}},"line":874},"71":{"name":"(anonymous_71)","decl":{"start":{"line":882,"column":10},"end":{"line":882,"column":26}},"loc":{"start":{"line":882,"column":26},"end":{"line":920,"column":null}},"line":882},"72":{"name":"(anonymous_72)","decl":{"start":{"line":906,"column":26},"end":{"line":906,"column":27}},"loc":{"start":{"line":906,"column":37},"end":{"line":912,"column":null}},"line":906},"73":{"name":"(anonymous_73)","decl":{"start":{"line":922,"column":10},"end":{"line":922,"column":31}},"loc":{"start":{"line":922,"column":31},"end":{"line":926,"column":null}},"line":922},"74":{"name":"(anonymous_74)","decl":{"start":{"line":923,"column":43},"end":{"line":923,"column":49}},"loc":{"start":{"line":923,"column":49},"end":{"line":925,"column":7}},"line":923},"75":{"name":"(anonymous_75)","decl":{"start":{"line":931,"column":2},"end":{"line":931,"column":29}},"loc":{"start":{"line":931,"column":29},"end":{"line":945,"column":null}},"line":931},"76":{"name":"(anonymous_76)","decl":{"start":{"line":950,"column":10},"end":{"line":950,"column":34}},"loc":{"start":{"line":950,"column":76},"end":{"line":969,"column":null}},"line":950},"77":{"name":"(anonymous_77)","decl":{"start":{"line":954,"column":21},"end":{"line":954,"column":22}},"loc":{"start":{"line":954,"column":31},"end":{"line":968,"column":5}},"line":954},"78":{"name":"(anonymous_78)","decl":{"start":{"line":974,"column":10},"end":{"line":974,"column":25}},"loc":{"start":{"line":974,"column":62},"end":{"line":982,"column":null}},"line":974},"79":{"name":"(anonymous_79)","decl":{"start":{"line":987,"column":10},"end":{"line":987,"column":26}},"loc":{"start":{"line":987,"column":47},"end":{"line":993,"column":null}},"line":987},"80":{"name":"(anonymous_80)","decl":{"start":{"line":998,"column":10},"end":{"line":998,"column":25}},"loc":{"start":{"line":998,"column":84},"end":{"line":1012,"column":null}},"line":998},"81":{"name":"(anonymous_81)","decl":{"start":{"line":1017,"column":8},"end":{"line":1017,"column":25}},"loc":{"start":{"line":1017,"column":87},"end":{"line":1035,"column":null}},"line":1017},"82":{"name":"(anonymous_82)","decl":{"start":{"line":1040,"column":10},"end":{"line":1040,"column":28}},"loc":{"start":{"line":1040,"column":77},"end":{"line":1067,"column":null}},"line":1040},"83":{"name":"(anonymous_83)","decl":{"start":{"line":1072,"column":8},"end":{"line":1072,"column":30}},"loc":{"start":{"line":1076,"column":57},"end":{"line":1101,"column":null}},"line":1076},"84":{"name":"(anonymous_84)","decl":{"start":{"line":1106,"column":10},"end":{"line":1106,"column":31}},"loc":{"start":{"line":1106,"column":56},"end":{"line":1118,"column":null}},"line":1106},"85":{"name":"(anonymous_85)","decl":{"start":{"line":1123,"column":10},"end":{"line":1123,"column":26}},"loc":{"start":{"line":1123,"column":53},"end":{"line":1140,"column":null}},"line":1123},"86":{"name":"(anonymous_86)","decl":{"start":{"line":1145,"column":2},"end":{"line":1145,"column":32}},"loc":{"start":{"line":1145,"column":32},"end":{"line":1169,"column":null}},"line":1145},"87":{"name":"(anonymous_87)","decl":{"start":{"line":1174,"column":10},"end":{"line":1174,"column":36}},"loc":{"start":{"line":1174,"column":65},"end":{"line":1191,"column":null}},"line":1174},"88":{"name":"(anonymous_88)","decl":{"start":{"line":1193,"column":2},"end":{"line":1193,"column":18}},"loc":{"start":{"line":1193,"column":18},"end":{"line":1206,"column":null}},"line":1193}},"branchMap":{"0":{"loc":{"start":{"line":72,"column":26},"end":{"line":72,"column":null}},"type":"binary-expr","locations":[{"start":{"line":72,"column":26},"end":{"line":72,"column":55}},{"start":{"line":72,"column":55},"end":{"line":72,"column":null}}],"line":72},"1":{"loc":{"start":{"line":75,"column":4},"end":{"line":77,"column":null}},"type":"if","locations":[{"start":{"line":75,"column":4},"end":{"line":77,"column":null}},{"start":{},"end":{}}],"line":75},"2":{"loc":{"start":{"line":90,"column":4},"end":{"line":90,"column":null}},"type":"if","locations":[{"start":{"line":90,"column":4},"end":{"line":90,"column":null}},{"start":{},"end":{}}],"line":90},"3":{"loc":{"start":{"line":103,"column":8},"end":{"line":109,"column":null}},"type":"if","locations":[{"start":{"line":103,"column":8},"end":{"line":109,"column":null}},{"start":{},"end":{}}],"line":103},"4":{"loc":{"start":{"line":123,"column":19},"end":{"line":123,"column":null}},"type":"binary-expr","locations":[{"start":{"line":123,"column":19},"end":{"line":123,"column":38}},{"start":{"line":123,"column":38},"end":{"line":123,"column":null}}],"line":123},"5":{"loc":{"start":{"line":128,"column":4},"end":{"line":133,"column":null}},"type":"if","locations":[{"start":{"line":128,"column":4},"end":{"line":133,"column":null}},{"start":{},"end":{}}],"line":128},"6":{"loc":{"start":{"line":128,"column":8},"end":{"line":128,"column":55}},"type":"binary-expr","locations":[{"start":{"line":128,"column":8},"end":{"line":128,"column":23}},{"start":{"line":128,"column":23},"end":{"line":128,"column":55}}],"line":128},"7":{"loc":{"start":{"line":132,"column":13},"end":{"line":132,"column":null}},"type":"cond-expr","locations":[{"start":{"line":132,"column":38},"end":{"line":132,"column":78}},{"start":{"line":132,"column":78},"end":{"line":132,"column":null}}],"line":132},"8":{"loc":{"start":{"line":136,"column":4},"end":{"line":160,"column":null}},"type":"if","locations":[{"start":{"line":136,"column":4},"end":{"line":160,"column":null}},{"start":{},"end":{}}],"line":136},"9":{"loc":{"start":{"line":138,"column":6},"end":{"line":159,"column":null}},"type":"if","locations":[{"start":{"line":138,"column":6},"end":{"line":159,"column":null}},{"start":{},"end":{}}],"line":138},"10":{"loc":{"start":{"line":141,"column":28},"end":{"line":141,"column":null}},"type":"binary-expr","locations":[{"start":{"line":141,"column":28},"end":{"line":141,"column":61}},{"start":{"line":141,"column":61},"end":{"line":141,"column":null}}],"line":141},"11":{"loc":{"start":{"line":143,"column":8},"end":{"line":158,"column":null}},"type":"if","locations":[{"start":{"line":143,"column":8},"end":{"line":158,"column":null}},{"start":{},"end":{}}],"line":143},"12":{"loc":{"start":{"line":143,"column":12},"end":{"line":143,"column":37}},"type":"binary-expr","locations":[{"start":{"line":143,"column":12},"end":{"line":143,"column":24}},{"start":{"line":143,"column":24},"end":{"line":143,"column":37}}],"line":143},"13":{"loc":{"start":{"line":148,"column":10},"end":{"line":154,"column":null}},"type":"if","locations":[{"start":{"line":148,"column":10},"end":{"line":154,"column":null}},{"start":{"line":152,"column":17},"end":{"line":154,"column":null}}],"line":148},"14":{"loc":{"start":{"line":157,"column":17},"end":{"line":157,"column":null}},"type":"cond-expr","locations":[{"start":{"line":157,"column":40},"end":{"line":157,"column":78}},{"start":{"line":157,"column":78},"end":{"line":157,"column":null}}],"line":157},"15":{"loc":{"start":{"line":164,"column":4},"end":{"line":172,"column":null}},"type":"if","locations":[{"start":{"line":164,"column":4},"end":{"line":172,"column":null}},{"start":{},"end":{}}],"line":164},"16":{"loc":{"start":{"line":164,"column":8},"end":{"line":164,"column":63}},"type":"binary-expr","locations":[{"start":{"line":164,"column":8},"end":{"line":164,"column":27}},{"start":{"line":164,"column":27},"end":{"line":164,"column":63}}],"line":164},"17":{"loc":{"start":{"line":171,"column":13},"end":{"line":171,"column":null}},"type":"cond-expr","locations":[{"start":{"line":171,"column":42},"end":{"line":171,"column":86}},{"start":{"line":171,"column":86},"end":{"line":171,"column":null}}],"line":171},"18":{"loc":{"start":{"line":184,"column":4},"end":{"line":186,"column":null}},"type":"if","locations":[{"start":{"line":184,"column":4},"end":{"line":186,"column":null}},{"start":{},"end":{}}],"line":184},"19":{"loc":{"start":{"line":190,"column":4},"end":{"line":194,"column":null}},"type":"if","locations":[{"start":{"line":190,"column":4},"end":{"line":194,"column":null}},{"start":{},"end":{}}],"line":190},"20":{"loc":{"start":{"line":198,"column":4},"end":{"line":203,"column":null}},"type":"if","locations":[{"start":{"line":198,"column":4},"end":{"line":203,"column":null}},{"start":{},"end":{}}],"line":198},"21":{"loc":{"start":{"line":215,"column":4},"end":{"line":236,"column":null}},"type":"if","locations":[{"start":{"line":215,"column":4},"end":{"line":236,"column":null}},{"start":{},"end":{}}],"line":215},"22":{"loc":{"start":{"line":220,"column":8},"end":{"line":232,"column":null}},"type":"if","locations":[{"start":{"line":220,"column":8},"end":{"line":232,"column":null}},{"start":{},"end":{}}],"line":220},"23":{"loc":{"start":{"line":224,"column":37},"end":{"line":224,"column":null}},"type":"cond-expr","locations":[{"start":{"line":224,"column":67},"end":{"line":224,"column":115}},{"start":{"line":224,"column":115},"end":{"line":224,"column":null}}],"line":224},"24":{"loc":{"start":{"line":227,"column":10},"end":{"line":231,"column":null}},"type":"if","locations":[{"start":{"line":227,"column":10},"end":{"line":231,"column":null}},{"start":{},"end":{}}],"line":227},"25":{"loc":{"start":{"line":240,"column":4},"end":{"line":242,"column":null}},"type":"if","locations":[{"start":{"line":240,"column":4},"end":{"line":242,"column":null}},{"start":{},"end":{}}],"line":240},"26":{"loc":{"start":{"line":240,"column":8},"end":{"line":240,"column":43}},"type":"binary-expr","locations":[{"start":{"line":240,"column":8},"end":{"line":240,"column":17}},{"start":{"line":240,"column":17},"end":{"line":240,"column":43}}],"line":240},"27":{"loc":{"start":{"line":254,"column":4},"end":{"line":256,"column":null}},"type":"if","locations":[{"start":{"line":254,"column":4},"end":{"line":256,"column":null}},{"start":{},"end":{}}],"line":254},"28":{"loc":{"start":{"line":254,"column":8},"end":{"line":254,"column":43}},"type":"binary-expr","locations":[{"start":{"line":254,"column":8},"end":{"line":254,"column":17}},{"start":{"line":254,"column":17},"end":{"line":254,"column":43}}],"line":254},"29":{"loc":{"start":{"line":277,"column":6},"end":{"line":279,"column":null}},"type":"if","locations":[{"start":{"line":277,"column":6},"end":{"line":279,"column":null}},{"start":{},"end":{}}],"line":277},"30":{"loc":{"start":{"line":277,"column":10},"end":{"line":277,"column":45}},"type":"binary-expr","locations":[{"start":{"line":277,"column":10},"end":{"line":277,"column":19}},{"start":{"line":277,"column":19},"end":{"line":277,"column":45}}],"line":277},"31":{"loc":{"start":{"line":295,"column":4},"end":{"line":311,"column":null}},"type":"if","locations":[{"start":{"line":295,"column":4},"end":{"line":311,"column":null}},{"start":{},"end":{}}],"line":295},"32":{"loc":{"start":{"line":315,"column":4},"end":{"line":317,"column":null}},"type":"if","locations":[{"start":{"line":315,"column":4},"end":{"line":317,"column":null}},{"start":{},"end":{}}],"line":315},"33":{"loc":{"start":{"line":349,"column":11},"end":{"line":349,"column":null}},"type":"binary-expr","locations":[{"start":{"line":349,"column":11},"end":{"line":349,"column":35}},{"start":{"line":349,"column":35},"end":{"line":349,"column":null}}],"line":349},"34":{"loc":{"start":{"line":369,"column":8},"end":{"line":374,"column":null}},"type":"if","locations":[{"start":{"line":369,"column":8},"end":{"line":374,"column":null}},{"start":{},"end":{}}],"line":369},"35":{"loc":{"start":{"line":392,"column":19},"end":{"line":392,"column":null}},"type":"binary-expr","locations":[{"start":{"line":392,"column":19},"end":{"line":392,"column":38}},{"start":{"line":392,"column":38},"end":{"line":392,"column":null}}],"line":392},"36":{"loc":{"start":{"line":394,"column":16},"end":{"line":394,"column":null}},"type":"binary-expr","locations":[{"start":{"line":394,"column":16},"end":{"line":394,"column":32}},{"start":{"line":394,"column":32},"end":{"line":394,"column":null}}],"line":394},"37":{"loc":{"start":{"line":396,"column":26},"end":{"line":396,"column":null}},"type":"cond-expr","locations":[{"start":{"line":396,"column":43},"end":{"line":396,"column":69}},{"start":{"line":396,"column":69},"end":{"line":396,"column":null}}],"line":396},"38":{"loc":{"start":{"line":416,"column":4},"end":{"line":419,"column":null}},"type":"if","locations":[{"start":{"line":416,"column":4},"end":{"line":419,"column":null}},{"start":{},"end":{}}],"line":416},"39":{"loc":{"start":{"line":429,"column":19},"end":{"line":429,"column":null}},"type":"binary-expr","locations":[{"start":{"line":429,"column":19},"end":{"line":429,"column":38}},{"start":{"line":429,"column":38},"end":{"line":429,"column":null}}],"line":429},"40":{"loc":{"start":{"line":430,"column":21},"end":{"line":430,"column":null}},"type":"cond-expr","locations":[{"start":{"line":430,"column":46},"end":{"line":430,"column":56}},{"start":{"line":430,"column":56},"end":{"line":430,"column":null}}],"line":430},"41":{"loc":{"start":{"line":435,"column":8},"end":{"line":437,"column":null}},"type":"if","locations":[{"start":{"line":435,"column":8},"end":{"line":437,"column":null}},{"start":{},"end":{}}],"line":435},"42":{"loc":{"start":{"line":442,"column":8},"end":{"line":444,"column":null}},"type":"if","locations":[{"start":{"line":442,"column":8},"end":{"line":444,"column":null}},{"start":{},"end":{}}],"line":442},"43":{"loc":{"start":{"line":451,"column":6},"end":{"line":453,"column":null}},"type":"if","locations":[{"start":{"line":451,"column":6},"end":{"line":453,"column":null}},{"start":{},"end":{}}],"line":451},"44":{"loc":{"start":{"line":465,"column":6},"end":{"line":465,"column":null}},"type":"cond-expr","locations":[{"start":{"line":465,"column":11},"end":{"line":465,"column":31}},{"start":{"line":465,"column":31},"end":{"line":465,"column":null}}],"line":465},"45":{"loc":{"start":{"line":480,"column":19},"end":{"line":480,"column":null}},"type":"binary-expr","locations":[{"start":{"line":480,"column":19},"end":{"line":480,"column":38}},{"start":{"line":480,"column":38},"end":{"line":480,"column":null}}],"line":480},"46":{"loc":{"start":{"line":485,"column":23},"end":{"line":487,"column":null}},"type":"cond-expr","locations":[{"start":{"line":486,"column":6},"end":{"line":486,"column":null}},{"start":{"line":487,"column":6},"end":{"line":487,"column":null}}],"line":485},"47":{"loc":{"start":{"line":490,"column":22},"end":{"line":490,"column":null}},"type":"cond-expr","locations":[{"start":{"line":490,"column":53},"end":{"line":490,"column":58}},{"start":{"line":490,"column":58},"end":{"line":490,"column":null}}],"line":490},"48":{"loc":{"start":{"line":499,"column":10},"end":{"line":502,"column":null}},"type":"if","locations":[{"start":{"line":499,"column":10},"end":{"line":502,"column":null}},{"start":{},"end":{}}],"line":499},"49":{"loc":{"start":{"line":512,"column":10},"end":{"line":522,"column":null}},"type":"if","locations":[{"start":{"line":512,"column":10},"end":{"line":522,"column":null}},{"start":{"line":520,"column":17},"end":{"line":522,"column":null}}],"line":512},"50":{"loc":{"start":{"line":515,"column":24},"end":{"line":515,"column":null}},"type":"binary-expr","locations":[{"start":{"line":515,"column":24},"end":{"line":515,"column":45}},{"start":{"line":515,"column":45},"end":{"line":515,"column":null}}],"line":515},"51":{"loc":{"start":{"line":532,"column":6},"end":{"line":534,"column":null}},"type":"if","locations":[{"start":{"line":532,"column":6},"end":{"line":534,"column":null}},{"start":{},"end":{}}],"line":532},"52":{"loc":{"start":{"line":541,"column":4},"end":{"line":541,"column":null}},"type":"if","locations":[{"start":{"line":541,"column":4},"end":{"line":541,"column":null}},{"start":{},"end":{}}],"line":541},"53":{"loc":{"start":{"line":541,"column":8},"end":{"line":541,"column":36}},"type":"binary-expr","locations":[{"start":{"line":541,"column":8},"end":{"line":541,"column":17}},{"start":{"line":541,"column":17},"end":{"line":541,"column":36}}],"line":541},"54":{"loc":{"start":{"line":556,"column":4},"end":{"line":558,"column":null}},"type":"if","locations":[{"start":{"line":556,"column":4},"end":{"line":558,"column":null}},{"start":{},"end":{}}],"line":556},"55":{"loc":{"start":{"line":566,"column":4},"end":{"line":568,"column":null}},"type":"if","locations":[{"start":{"line":566,"column":4},"end":{"line":568,"column":null}},{"start":{},"end":{}}],"line":566},"56":{"loc":{"start":{"line":566,"column":8},"end":{"line":566,"column":43}},"type":"binary-expr","locations":[{"start":{"line":566,"column":8},"end":{"line":566,"column":17}},{"start":{"line":566,"column":17},"end":{"line":566,"column":43}}],"line":566},"57":{"loc":{"start":{"line":579,"column":4},"end":{"line":581,"column":null}},"type":"if","locations":[{"start":{"line":579,"column":4},"end":{"line":581,"column":null}},{"start":{},"end":{}}],"line":579},"58":{"loc":{"start":{"line":604,"column":4},"end":{"line":607,"column":null}},"type":"if","locations":[{"start":{"line":604,"column":4},"end":{"line":607,"column":null}},{"start":{},"end":{}}],"line":604},"59":{"loc":{"start":{"line":604,"column":8},"end":{"line":605,"column":62}},"type":"binary-expr","locations":[{"start":{"line":604,"column":8},"end":{"line":604,"column":null}},{"start":{"line":605,"column":8},"end":{"line":605,"column":62}}],"line":604},"60":{"loc":{"start":{"line":611,"column":4},"end":{"line":611,"column":null}},"type":"if","locations":[{"start":{"line":611,"column":4},"end":{"line":611,"column":null}},{"start":{},"end":{}}],"line":611},"61":{"loc":{"start":{"line":621,"column":8},"end":{"line":624,"column":null}},"type":"if","locations":[{"start":{"line":621,"column":8},"end":{"line":624,"column":null}},{"start":{},"end":{}}],"line":621},"62":{"loc":{"start":{"line":627,"column":8},"end":{"line":631,"column":null}},"type":"if","locations":[{"start":{"line":627,"column":8},"end":{"line":631,"column":null}},{"start":{},"end":{}}],"line":627},"63":{"loc":{"start":{"line":639,"column":4},"end":{"line":639,"column":null}},"type":"if","locations":[{"start":{"line":639,"column":4},"end":{"line":639,"column":null}},{"start":{},"end":{}}],"line":639},"64":{"loc":{"start":{"line":652,"column":4},"end":{"line":652,"column":null}},"type":"if","locations":[{"start":{"line":652,"column":4},"end":{"line":652,"column":null}},{"start":{},"end":{}}],"line":652},"65":{"loc":{"start":{"line":665,"column":4},"end":{"line":665,"column":null}},"type":"if","locations":[{"start":{"line":665,"column":4},"end":{"line":665,"column":null}},{"start":{},"end":{}}],"line":665},"66":{"loc":{"start":{"line":674,"column":8},"end":{"line":681,"column":null}},"type":"if","locations":[{"start":{"line":674,"column":8},"end":{"line":681,"column":null}},{"start":{"line":679,"column":15},"end":{"line":681,"column":null}}],"line":674},"67":{"loc":{"start":{"line":675,"column":10},"end":{"line":677,"column":null}},"type":"if","locations":[{"start":{"line":675,"column":10},"end":{"line":677,"column":null}},{"start":{},"end":{}}],"line":675},"68":{"loc":{"start":{"line":690,"column":4},"end":{"line":693,"column":null}},"type":"if","locations":[{"start":{"line":690,"column":4},"end":{"line":693,"column":null}},{"start":{},"end":{}}],"line":690},"69":{"loc":{"start":{"line":710,"column":4},"end":{"line":712,"column":null}},"type":"if","locations":[{"start":{"line":710,"column":4},"end":{"line":712,"column":null}},{"start":{},"end":{}}],"line":710},"70":{"loc":{"start":{"line":714,"column":4},"end":{"line":716,"column":null}},"type":"if","locations":[{"start":{"line":714,"column":4},"end":{"line":716,"column":null}},{"start":{},"end":{}}],"line":714},"71":{"loc":{"start":{"line":718,"column":4},"end":{"line":720,"column":null}},"type":"if","locations":[{"start":{"line":718,"column":4},"end":{"line":720,"column":null}},{"start":{},"end":{}}],"line":718},"72":{"loc":{"start":{"line":767,"column":6},"end":{"line":772,"column":null}},"type":"if","locations":[{"start":{"line":767,"column":6},"end":{"line":772,"column":null}},{"start":{},"end":{}}],"line":767},"73":{"loc":{"start":{"line":781,"column":6},"end":{"line":787,"column":null}},"type":"if","locations":[{"start":{"line":781,"column":6},"end":{"line":787,"column":null}},{"start":{},"end":{}}],"line":781},"74":{"loc":{"start":{"line":800,"column":6},"end":{"line":802,"column":null}},"type":"if","locations":[{"start":{"line":800,"column":6},"end":{"line":802,"column":null}},{"start":{},"end":{}}],"line":800},"75":{"loc":{"start":{"line":804,"column":6},"end":{"line":806,"column":null}},"type":"if","locations":[{"start":{"line":804,"column":6},"end":{"line":806,"column":null}},{"start":{},"end":{}}],"line":804},"76":{"loc":{"start":{"line":816,"column":4},"end":{"line":816,"column":null}},"type":"if","locations":[{"start":{"line":816,"column":4},"end":{"line":816,"column":null}},{"start":{},"end":{}}],"line":816},"77":{"loc":{"start":{"line":816,"column":8},"end":{"line":816,"column":45}},"type":"binary-expr","locations":[{"start":{"line":816,"column":8},"end":{"line":816,"column":25}},{"start":{"line":816,"column":25},"end":{"line":816,"column":45}}],"line":816},"78":{"loc":{"start":{"line":837,"column":6},"end":{"line":837,"column":null}},"type":"if","locations":[{"start":{"line":837,"column":6},"end":{"line":837,"column":null}},{"start":{},"end":{}}],"line":837},"79":{"loc":{"start":{"line":860,"column":6},"end":{"line":862,"column":null}},"type":"if","locations":[{"start":{"line":860,"column":6},"end":{"line":862,"column":null}},{"start":{},"end":{}}],"line":860},"80":{"loc":{"start":{"line":860,"column":10},"end":{"line":860,"column":94}},"type":"binary-expr","locations":[{"start":{"line":860,"column":10},"end":{"line":860,"column":39}},{"start":{"line":860,"column":39},"end":{"line":860,"column":94}}],"line":860},"81":{"loc":{"start":{"line":865,"column":6},"end":{"line":867,"column":null}},"type":"if","locations":[{"start":{"line":865,"column":6},"end":{"line":867,"column":null}},{"start":{},"end":{}}],"line":865},"82":{"loc":{"start":{"line":870,"column":21},"end":{"line":870,"column":null}},"type":"binary-expr","locations":[{"start":{"line":870,"column":21},"end":{"line":870,"column":35}},{"start":{"line":870,"column":35},"end":{"line":870,"column":null}}],"line":870},"83":{"loc":{"start":{"line":877,"column":14},"end":{"line":877,"column":null}},"type":"binary-expr","locations":[{"start":{"line":877,"column":14},"end":{"line":877,"column":28}},{"start":{"line":877,"column":28},"end":{"line":877,"column":null}}],"line":877},"84":{"loc":{"start":{"line":887,"column":6},"end":{"line":889,"column":null}},"type":"if","locations":[{"start":{"line":887,"column":6},"end":{"line":889,"column":null}},{"start":{},"end":{}}],"line":887},"85":{"loc":{"start":{"line":894,"column":6},"end":{"line":896,"column":null}},"type":"if","locations":[{"start":{"line":894,"column":6},"end":{"line":896,"column":null}},{"start":{},"end":{}}],"line":894},"86":{"loc":{"start":{"line":900,"column":4},"end":{"line":913,"column":null}},"type":"if","locations":[{"start":{"line":900,"column":4},"end":{"line":913,"column":null}},{"start":{},"end":{}}],"line":900},"87":{"loc":{"start":{"line":908,"column":8},"end":{"line":911,"column":null}},"type":"if","locations":[{"start":{"line":908,"column":8},"end":{"line":911,"column":null}},{"start":{},"end":{}}],"line":908},"88":{"loc":{"start":{"line":916,"column":4},"end":{"line":919,"column":null}},"type":"if","locations":[{"start":{"line":916,"column":4},"end":{"line":919,"column":null}},{"start":{},"end":{}}],"line":916},"89":{"loc":{"start":{"line":916,"column":8},"end":{"line":917,"column":62}},"type":"binary-expr","locations":[{"start":{"line":916,"column":8},"end":{"line":916,"column":null}},{"start":{"line":917,"column":8},"end":{"line":917,"column":62}}],"line":916},"90":{"loc":{"start":{"line":942,"column":15},"end":{"line":942,"column":null}},"type":"cond-expr","locations":[{"start":{"line":942,"column":35},"end":{"line":942,"column":63}},{"start":{"line":942,"column":63},"end":{"line":942,"column":null}}],"line":942},"91":{"loc":{"start":{"line":976,"column":4},"end":{"line":976,"column":null}},"type":"if","locations":[{"start":{"line":976,"column":4},"end":{"line":976,"column":null}},{"start":{},"end":{}}],"line":976},"92":{"loc":{"start":{"line":977,"column":4},"end":{"line":977,"column":null}},"type":"if","locations":[{"start":{"line":977,"column":4},"end":{"line":977,"column":null}},{"start":{},"end":{}}],"line":977},"93":{"loc":{"start":{"line":978,"column":4},"end":{"line":978,"column":null}},"type":"if","locations":[{"start":{"line":978,"column":4},"end":{"line":978,"column":null}},{"start":{},"end":{}}],"line":978},"94":{"loc":{"start":{"line":979,"column":4},"end":{"line":979,"column":null}},"type":"if","locations":[{"start":{"line":979,"column":4},"end":{"line":979,"column":null}},{"start":{},"end":{}}],"line":979},"95":{"loc":{"start":{"line":980,"column":4},"end":{"line":980,"column":null}},"type":"if","locations":[{"start":{"line":980,"column":4},"end":{"line":980,"column":null}},{"start":{},"end":{}}],"line":980},"96":{"loc":{"start":{"line":988,"column":4},"end":{"line":988,"column":null}},"type":"if","locations":[{"start":{"line":988,"column":4},"end":{"line":988,"column":null}},{"start":{},"end":{}}],"line":988},"97":{"loc":{"start":{"line":988,"column":8},"end":{"line":988,"column":55}},"type":"binary-expr","locations":[{"start":{"line":988,"column":8},"end":{"line":988,"column":32}},{"start":{"line":988,"column":32},"end":{"line":988,"column":55}}],"line":988},"98":{"loc":{"start":{"line":989,"column":4},"end":{"line":989,"column":null}},"type":"if","locations":[{"start":{"line":989,"column":4},"end":{"line":989,"column":null}},{"start":{},"end":{}}],"line":989},"99":{"loc":{"start":{"line":989,"column":8},"end":{"line":989,"column":58}},"type":"binary-expr","locations":[{"start":{"line":989,"column":8},"end":{"line":989,"column":34}},{"start":{"line":989,"column":34},"end":{"line":989,"column":58}}],"line":989},"100":{"loc":{"start":{"line":990,"column":4},"end":{"line":990,"column":null}},"type":"if","locations":[{"start":{"line":990,"column":4},"end":{"line":990,"column":null}},{"start":{},"end":{}}],"line":990},"101":{"loc":{"start":{"line":990,"column":8},"end":{"line":990,"column":58}},"type":"binary-expr","locations":[{"start":{"line":990,"column":8},"end":{"line":990,"column":34}},{"start":{"line":990,"column":34},"end":{"line":990,"column":58}}],"line":990},"102":{"loc":{"start":{"line":991,"column":4},"end":{"line":991,"column":null}},"type":"if","locations":[{"start":{"line":991,"column":4},"end":{"line":991,"column":null}},{"start":{},"end":{}}],"line":991},"103":{"loc":{"start":{"line":991,"column":8},"end":{"line":991,"column":60}},"type":"binary-expr","locations":[{"start":{"line":991,"column":8},"end":{"line":991,"column":34}},{"start":{"line":991,"column":34},"end":{"line":991,"column":60}}],"line":991},"104":{"loc":{"start":{"line":1002,"column":4},"end":{"line":1002,"column":null}},"type":"if","locations":[{"start":{"line":1002,"column":4},"end":{"line":1002,"column":null}},{"start":{},"end":{}}],"line":1002},"105":{"loc":{"start":{"line":1003,"column":4},"end":{"line":1003,"column":null}},"type":"if","locations":[{"start":{"line":1003,"column":4},"end":{"line":1003,"column":null}},{"start":{},"end":{}}],"line":1003},"106":{"loc":{"start":{"line":1004,"column":4},"end":{"line":1004,"column":null}},"type":"if","locations":[{"start":{"line":1004,"column":4},"end":{"line":1004,"column":null}},{"start":{},"end":{}}],"line":1004},"107":{"loc":{"start":{"line":1005,"column":4},"end":{"line":1005,"column":null}},"type":"if","locations":[{"start":{"line":1005,"column":4},"end":{"line":1005,"column":null}},{"start":{},"end":{}}],"line":1005},"108":{"loc":{"start":{"line":1008,"column":4},"end":{"line":1008,"column":null}},"type":"if","locations":[{"start":{"line":1008,"column":4},"end":{"line":1008,"column":null}},{"start":{},"end":{}}],"line":1008},"109":{"loc":{"start":{"line":1009,"column":4},"end":{"line":1009,"column":null}},"type":"if","locations":[{"start":{"line":1009,"column":4},"end":{"line":1009,"column":null}},{"start":{},"end":{}}],"line":1009},"110":{"loc":{"start":{"line":1018,"column":25},"end":{"line":1018,"column":null}},"type":"binary-expr","locations":[{"start":{"line":1018,"column":25},"end":{"line":1018,"column":35}},{"start":{"line":1018,"column":35},"end":{"line":1018,"column":null}}],"line":1018},"111":{"loc":{"start":{"line":1024,"column":4},"end":{"line":1026,"column":null}},"type":"if","locations":[{"start":{"line":1024,"column":4},"end":{"line":1026,"column":null}},{"start":{},"end":{}}],"line":1024},"112":{"loc":{"start":{"line":1054,"column":4},"end":{"line":1057,"column":null}},"type":"if","locations":[{"start":{"line":1054,"column":4},"end":{"line":1057,"column":null}},{"start":{},"end":{}}],"line":1054},"113":{"loc":{"start":{"line":1054,"column":8},"end":{"line":1054,"column":47}},"type":"binary-expr","locations":[{"start":{"line":1054,"column":8},"end":{"line":1054,"column":23}},{"start":{"line":1054,"column":23},"end":{"line":1054,"column":47}}],"line":1054},"114":{"loc":{"start":{"line":1061,"column":4},"end":{"line":1064,"column":null}},"type":"if","locations":[{"start":{"line":1061,"column":4},"end":{"line":1064,"column":null}},{"start":{},"end":{}}],"line":1061},"115":{"loc":{"start":{"line":1061,"column":8},"end":{"line":1061,"column":33}},"type":"binary-expr","locations":[{"start":{"line":1061,"column":8},"end":{"line":1061,"column":21}},{"start":{"line":1061,"column":21},"end":{"line":1061,"column":33}}],"line":1061},"116":{"loc":{"start":{"line":1077,"column":19},"end":{"line":1077,"column":null}},"type":"binary-expr","locations":[{"start":{"line":1077,"column":19},"end":{"line":1077,"column":38}},{"start":{"line":1077,"column":38},"end":{"line":1077,"column":null}}],"line":1077},"117":{"loc":{"start":{"line":1090,"column":6},"end":{"line":1097,"column":null}},"type":"if","locations":[{"start":{"line":1090,"column":6},"end":{"line":1097,"column":null}},{"start":{},"end":{}}],"line":1090},"118":{"loc":{"start":{"line":1110,"column":6},"end":{"line":1110,"column":null}},"type":"if","locations":[{"start":{"line":1110,"column":6},"end":{"line":1110,"column":null}},{"start":{},"end":{}}],"line":1110},"119":{"loc":{"start":{"line":1114,"column":6},"end":{"line":1114,"column":null}},"type":"if","locations":[{"start":{"line":1114,"column":6},"end":{"line":1114,"column":null}},{"start":{},"end":{}}],"line":1114},"120":{"loc":{"start":{"line":1127,"column":4},"end":{"line":1129,"column":null}},"type":"if","locations":[{"start":{"line":11
[...]
":65,"b:184:4:186:Infinity:undefined:undefined:undefined:undefined":18,"s:184:4:186:Infinity":66,"s:185:6:185:Infinity":67,"s:189:26:189:Infinity":68,"b:190:4:194:Infinity:undefined:undefined:undefined:undefined":19,"s:190:4:194:Infinity":69,"s:192:6:192:Infinity":70,"s:193:6:193:Infinity":71,"s:197:26:197:Infinity":72,"b:198:4:203:Infinity:undefined:undefined:undefined:undefined":20,"s:198:4:203:Infinity":73,"s:200:6:200:Infinity":74,"s:201:6:201:Infinity":75,"s:202:6:202:Infinity":76,"s:205:4:205:Infinity":77,"f:211:16:211:32":10,"s:212:19:212:Infinity":78,"b:215:4:236:Infinity:undefined:undefined:undefined:undefined":21,"s:215:4:236:Infinity":79,"s:216:6:235:Infinity":80,"s:217:22:217:Infinity":81,"s:218:25:218:Infinity":82,"b:220:8:232:Infinity:undefined:undefined:undefined:undefined":22,"s:220:8:232:Infinity":83,"s:221:23:221:Infinity":84,"s:222:43:225:Infinity":85,"b:224:67:224:115:224:115:224:Infinity":23,"b:227:10:231:Infinity:undefined:undefined:undefined:undefined":24,"s:227:10:231:Infinity":86,"s:229:12:229:Infinity":87,"s:230:12:230:Infinity":88,"s:234:8:234:Infinity":89,"s:239:18:239:Infinity":90,"b:240:4:242:Infinity:undefined:undefined:undefined:undefined":25,"s:240:4:242:Infinity":91,"b:240:8:240:17:240:17:240:43":26,"s:241:6:241:Infinity":92,"s:244:4:244:Infinity":93,"f:250:16:250:37":11,"s:251:24:251:Infinity":94,"s:252:18:252:Infinity":95,"b:254:4:256:Infinity:undefined:undefined:undefined:undefined":27,"s:254:4:256:Infinity":96,"b:254:8:254:17:254:17:254:43":28,"s:255:6:255:Infinity":97,"s:258:4:258:Infinity":98,"f:261:16:261:35":12,"s:262:24:262:Infinity":99,"s:263:4:263:Infinity":100,"f:269:16:269:37":13,"s:271:22:271:Infinity":101,"s:273:4:280:Infinity":102,"s:274:26:274:Infinity":103,"s:275:20:275:Infinity":104,"b:277:6:279:Infinity:undefined:undefined:undefined:undefined":29,"s:277:6:279:Infinity":105,"b:277:10:277:19:277:19:277:45":30,"s:278:8:278:Infinity":106,"s:282:4:282:Infinity":107,"f:288:16:288:30":14,"s:289:19:289:Infinity":108,"s:292:4:292:Infinity":109,"b:295:4:311:Infinity:undefined:undefined:undefined:undefined":31,"s:295:4:311:Infinity":110,"s:296:6:310:Infinity":111,"s:297:22:297:Infinity":112,"s:298:25:305:Infinity":113,"s:307:8:307:Infinity":114,"s:309:8:309:Infinity":115,"s:314:18:314:Infinity":116,"b:315:4:317:Infinity:undefined:undefined:undefined:undefined":32,"s:315:4:317:Infinity":117,"s:316:6:316:Infinity":118,"f:323:10:323:38":15,"s:325:6:325:Infinity":119,"s:328:6:328:Infinity":120,"s:331:6:331:Infinity":121,"f:337:10:337:29":16,"s:338:51:347:Infinity":122,"s:349:4:349:Infinity":123,"b:349:11:349:35:349:35:349:Infinity":33,"f:355:10:355:27":17,"s:356:16:356:Infinity":124,"s:357:27:357:Infinity":125,"s:358:4:358:Infinity":126,"f:364:16:364:41":18,"s:366:4:378:Infinity":127,"f:366:15:366:27":19,"s:367:6:377:Infinity":128,"s:368:26:368:Infinity":129,"b:369:8:374:Infinity:undefined:undefined:undefined:undefined":34,"s:369:8:374:Infinity":130,"s:370:10:373:Infinity":131,"s:376:8:376:Infinity":132,"f:384:8:384:12":20,"s:392:19:392:Infinity":133,"b:392:19:392:38:392:38:392:Infinity":35,"s:393:20:393:Infinity":134,"s:394:16:394:Infinity":135,"b:394:16:394:32:394:32:394:Infinity":36,"s:395:27:395:Infinity":136,"s:396:26:396:Infinity":137,"b:396:43:396:69:396:69:396:Infinity":37,"s:397:17:397:Infinity":138,"s:399:37:410:Infinity":139,"s:413:4:413:Infinity":140,"s:414:4:414:Infinity":141,"b:416:4:419:Infinity:undefined:undefined:undefined:undefined":38,"s:416:4:419:Infinity":142,"s:417:6:417:Infinity":143,"s:418:6:418:Infinity":144,"f:425:8:425:19":21,"s:429:19:429:Infinity":145,"b:429:19:429:38:429:38:429:Infinity":39,"s:430:21:430:Infinity":146,"b:430:46:430:56:430:56:430:Infinity":40,"s:432:4:454:Infinity":147,"s:434:6:438:Infinity":148,"b:435:8:437:Infinity:undefined:undefined:undefined:undefined":41,"s:435:8:437:Infinity":149,"s:436:10:436:Infinity":150,"s:441:6:445:Infinity":151,"b:442:8:444:Infinity:undefined:undefined:undefined:undefined":42,"s:442:8:444:Infinity":152,"s:443:10:443:Infinity":153,"s:448:6:448:Infinity":154,"b:451:6:453:Infinity:undefined:undefined:undefined:undefined":43,"s:451:6:453:Infinity":155,"s:452:8:452:Infinity":156,"f:460:8:460:27":22,"s:461:21:467:Infinity":157,"b:465:11:465:31:465:31:465:Infinity":44,"s:469:4:469:Infinity":158,"f:475:8:475:15":23,"s:480:19:480:Infinity":159,"b:480:19:480:38:480:38:480:Infinity":45,"s:481:17:481:Infinity":160,"s:482:17:482:Infinity":161,"s:485:23:487:Infinity":162,"b:486:6:486:Infinity:487:6:487:Infinity":46,"s:490:22:490:Infinity":163,"b:490:53:490:58:490:58:490:Infinity":47,"s:492:4:535:Infinity":164,"s:492:17:492:20":165,"s:493:20:493:Infinity":166,"s:495:29:527:Infinity":167,"f:495:39:495:46":24,"s:496:8:526:Infinity":168,"s:498:25:498:Infinity":169,"b:499:10:502:Infinity:undefined:undefined:undefined:undefined":48,"s:499:10:502:Infinity":170,"s:500:12:500:Infinity":171,"s:501:12:501:Infinity":172,"s:505:27:510:Infinity":173,"f:507:30:507:31":25,"s:508:14:508:Infinity":174,"f:508:25:508:31":26,"s:508:31:508:68":175,"b:512:10:522:Infinity:520:17:522:Infinity":49,"s:512:10:522:Infinity":176,"s:513:12:518:Infinity":177,"b:515:24:515:45:515:45:515:Infinity":50,"s:519:12:519:Infinity":178,"s:521:12:521:Infinity":179,"s:524:10:524:Infinity":180,"s:525:10:525:Infinity":181,"s:529:6:529:Infinity":182,"b:532:6:534:Infinity:undefined:undefined:undefined:undefined":51,"s:532:6:534:Infinity":183,"s:533:8:533:Infinity":184,"f:533:26:533:37":27,"s:533:37:533:61":185,"s:537:4:537:Infinity":186,"f:540:10:540:21":28,"b:541:4:541:Infinity:undefined:undefined:undefined:undefined":52,"s:541:4:541:Infinity":187,"b:541:8:541:17:541:17:541:36":53,"s:541:36:541:Infinity":188,"s:542:4:542:Infinity":189,"f:545:10:545:23":29,"s:546:4:546:Infinity":190,"f:549:10:549:23":30,"s:550:4:550:Infinity":191,"s:551:4:551:Infinity":192,"f:554:10:554:30":31,"s:555:18:555:Infinity":193,"b:556:4:558:Infinity:undefined:undefined:undefined:undefined":54,"s:556:4:558:Infinity":194,"s:557:6:557:Infinity":195,"f:561:16:561:33":32,"s:563:20:563:Infinity":196,"s:564:18:564:Infinity":197,"b:566:4:568:Infinity:undefined:undefined:undefined:undefined":55,"s:566:4:568:Infinity":198,"b:566:8:566:17:566:17:566:43":56,"s:567:6:567:Infinity":199,"s:570:4:570:Infinity":200,"f:573:16:573:31":33,"s:574:20:574:Infinity":201,"s:575:4:575:Infinity":202,"s:578:18:578:Infinity":203,"b:579:4:581:Infinity:undefined:undefined:undefined:undefined":57,"s:579:4:581:Infinity":204,"s:580:6:580:Infinity":205,"f:584:16:584:Infinity":34,"s:589:26:591:Infinity":206,"f:590:14:590:19":35,"s:590:19:590:37":207,"s:593:32:595:Infinity":208,"f:593:50:593:Infinity":36,"s:594:6:594:Infinity":209,"s:597:4:597:Infinity":210,"f:600:10:600:27":37,"s:601:4:601:Infinity":211,"b:604:4:607:Infinity:undefined:undefined:undefined:undefined":58,"s:604:4:607:Infinity":212,"b:604:8:604:Infinity:605:8:605:62":59,"s:606:6:606:Infinity":213,"f:610:16:610:33":38,"b:611:4:611:Infinity:undefined:undefined:undefined:undefined":60,"s:611:4:611:Infinity":214,"s:611:31:611:Infinity":215,"s:613:4:635:Infinity":216,"f:613:23:613:24":39,"s:614:26:614:Infinity":217,"s:615:20:615:Infinity":218,"s:616:22:616:Infinity":219,"s:618:6:618:Infinity":220,"f:618:24:618:30":40,"s:618:30:618:Infinity":221,"s:619:6:634:Infinity":222,"f:619:26:619:32":41,"s:620:23:620:Infinity":223,"b:621:8:624:Infinity:undefined:undefined:undefined:undefined":61,"s:621:8:624:Infinity":224,"s:622:10:622:Infinity":225,"s:623:10:623:Infinity":226,"s:626:22:626:Infinity":227,"b:627:8:631:Infinity:undefined:undefined:undefined:undefined":62,"s:627:8:631:Infinity":228,"s:628:10:628:Infinity":229,"s:629:10:629:Infinity":230,"s:630:10:630:Infinity":231,"s:633:8:633:Infinity":232,"f:638:16:638:31":42,"b:639:4:639:Infinity:undefined:undefined:undefined:undefined":63,"s:639:4:639:Infinity":233,"s:639:31:639:Infinity":234,"s:641:4:648:Infinity":235,"f:641:23:641:24":43,"s:642:26:642:Infinity":236,"s:643:20:643:Infinity":237,"s:644:22:644:Infinity":238,"s:646:6:646:Infinity":239,"f:646:24:646:30":44,"s:646:30:646:Infinity":240,"s:647:6:647:Infinity":241,"f:647:26:647:32":45,"s:647:32:647:Infinity":242,"f:651:16:651:36":46,"b:652:4:652:Infinity:undefined:undefined:undefined:undefined":64,"s:652:4:652:Infinity":243,"s:652:31:652:Infinity":244,"s:654:4:661:Infinity":245,"f:654:23:654:24":47,"s:655:26:655:Infinity":246,"s:656:20:656:Infinity":247,"s:657:22:657:Infinity":248,"s:659:6:659:Infinity":249,"f:659:24:659:30":48,"s:659:30:659:Infinity":250,"s:660:6:660:Infinity":251,"f:660:26:660:32":49,"s:660:32:660:Infinity":252,"f:664:16:664:36":50,"b:665:4:665:Infinity:undefined:undefined:undefined:undefined":65,"s:665:4:665:Infinity":253,"s:665:31:665:Infinity":254,"s:667:4:685:Infinity":255,"f:667:23:667:24":51,"s:668:26:668:Infinity":256,"s:669:20:669:Infinity":257,"s:670:22:670:Infinity":258,"s:672:6:682:Infinity":259,"f:672:26:672:27":52,"s:673:24:673:Infinity":260,"b:674:8:681:Infinity:679:15:681:Infinity":66,"s:674:8:681:Infinity":261,"b:675:10:677:Infinity:undefined:undefined:undefined:undefined":67,"s:675:10:677:Infinity":262,"s:676:12:676:Infinity":263,"s:678:10:678:Infinity":264,"s:680:10:680:Infinity":265,"s:684:6:684:Infinity":266,"f:684:24:684:30":53,"s:684:30:684:Infinity":267,"f:688:10:688:25":54,"b:690:4:693:Infinity:undefined:undefined:undefined:undefined":68,"s:690:4:693:Infinity":268,"s:691:20:691:Infinity":269,"s:692:6:692:Infinity":270,"s:694:4:694:Infinity":271,"f:697:16:697:36":55,"s:699:28:699:Infinity":272,"s:701:4:703:Infinity":273,"s:702:6:702:Infinity":274,"f:706:10:706:29":56,"s:708:31:708:Infinity":275,"b:710:4:712:Infinity:undefined:undefined:undefined:undefined":69,"s:710:4:712:Infinity":276,"s:711:6:711:Infinity":277,"b:714:4:716:Infinity:undefined:undefined:undefined:undefined":70,"s:714:4:716:Infinity":278,"s:715:6:715:Infinity":279,"b:718:4:720:Infinity:undefined:undefined:undefined:undefined":71,"s:718:4:720:Infinity":280,"s:719:6:719:Infinity":281,"s:722:4:722:Infinity":282,"f:728:16:728:56":57,"s:729:25:729:Infinity":283,"s:730:26:730:Infinity":284,"s:733:4:735:Infinity":285,"s:734:6:734:Infinity":286,"s:738:4:740:Infinity":287,"s:739:6:739:Infinity":288,"f:743:10:743:42":58,"s:745:4:751:Infinity":289,"f:754:10:754:39":59,"s:756:4:761:Infinity":290,"f:764:16:764:33":60,"s:765:4:775:Infinity":291,"s:766:19:766:Infinity":292,"b:767:6:772:Infinity:undefined:undefined:undefined:undefined":72,"s:767:6:772:Infinity":293,"s:768:8:771:Infinity":294,"s:774:6:774:Infinity":295,"f:778:16:778:33":61,"s:779:4:790:Infinity":296,"s:780:19:780:Infinity":297,"b:781:6:787:Infinity:undefined:undefined:undefined:undefined":73,"s:781:6:787:Infinity":298,"s:782:8:786:Infinity":299,"s:789:6:789:Infinity":300,"f:793:16:793:35":62,"s:795:4:812:Infinity":301,"s:797:6:797:Infinity":302,"f:797:24:797:35":63,"s:797:35:797:58":303,"b:800:6:802:Infinity:undefined:undefined:undefined:undefined":74,"s:800:6:802:Infinity":304,"s:801:8:801:Infinity":305,"b:804:6:806:Infinity:undefined:undefined:undefined:undefined":75,"s:804:6:806:Infinity":306,"s:805:8:805:Infinity":307,"s:808:6:808:Infinity":308,"s:810:6:810:Infinity":309,"s:811:6:811:Infinity":310,"f:815:10:815:23":64,"b:816:4:816:Infinity:undefined:undefined:undefined:undefined":76,"s:816:4:816:Infinity":311,"b:816:8:816:25:816:25:816:45":77,"s:816:45:816:Infinity":312,"s:817:4:817:Infinity":313,"f:820:10:820:25":65,"s:821:4:821:Infinity":314,"f:824:10:824:23":66,"s:825:4:832:Infinity":315,"s:826:25:826:Infinity":316,"s:827:12:827:Infinity":317,"s:828:6:828:Infinity":318,"s:830:6:830:Infinity":319,"s:831:6:831:Infinity":320,"f:835:10:835:25":67,"s:836:4:843:Infinity":321,"b:837:6:837:Infinity:undefined:undefined:undefined:undefined":78,"s:837:6:837:Infinity":322,"s:837:36:837:Infinity":323,"s:838:12:838:Infinity":324,"s:839:6:839:Infinity":325,"s:841:6:841:Infinity":326,"s:842:6:842:Infinity":327,"f:846:10:846:35":68,"s:847:20:847:Infinity":328,"s:850:4:854:Infinity":329,"f:850:17:850:18":69,"s:851:21:851:Infinity":330,"s:852:21:852:Infinity":331,"s:853:6:853:Infinity":332,"s:856:22:856:Infinity":333,"s:857:23:857:Infinity":334,"s:859:4:871:Infinity":335,"b:860:6:862:Infinity:undefined:undefined:undefined:undefined":79,"s:860:6:862:Infinity":336,"b:860:10:860:39:860:39:860:94":80,"s:861:8:861:Infinity":337,"b:865:6:867:Infinity:undefined:undefined:undefined:undefined":81,"s:865:6:867:Infinity":338,"s:866:8:866:Infinity":339,"s:869:6:869:Infinity":340,"s:870:6:870:Infinity":341,"b:870:21:870:35:870:35:870:Infinity":82,"f:874:10:874:41":70,"s:875:15:875:Infinity":342,"s:876:4:878:Infinity":343,"s:877:6:877:Infinity":344,"b:877:14:877:28:877:28:877:Infinity":83,"s:879:4:879:Infinity":345,"f:882:10:882:26":71,"s:883:16:883:Infinity":346,"s:886:4:890:Infinity":347,"b:887:6:889:Infinity:undefined:undefined:undefined:undefined":84,"s:887:6:889:Infinity":348,"s:888:8:888:Infinity":349,"s:893:4:897:Infinity":350,"b:894:6:896:Infinity:undefined:undefined:undefined:undefined":85,"s:894:6:896:Infinity":351,"s:895:8:895:Infinity":352,"b:900:4:913:Infinity:undefined:undefined:undefined:undefined":86,"s:900:4:913:Infinity":353,"s:901:26:901:Infinity":354,"s:902:20:902:Infinity":355,"s:903:20:903:Infinity":356,"s:904:22:904:Infinity":357,"s:906:6:912:Infinity":358,"f:906:26:906:27":72,"s:907:24:907:Infinity":359,"b:908:8:911:Infinity:undefined:undefined:undefined:undefined":87,"s:908:8:911:Infinity":360,"s:909:10:909:Infinity":361,"s:910:10:910:Infinity":362,"b:916:4:919:Infinity:undefined:undefined:undefined:undefined":88,"s:916:4:919:Infinity":363,"b:916:8:916:Infinity:917:8:917:62":89,"s:918:6:918:Infinity":364,"f:922:10:922:31":73,"s:923:4:925:Infinity":365,"f:923:43:923:49":74,"s:924:6:924:Infinity":366,"f:931:2:931:29":75,"s:932:22:932:Infinity":367,"s:933:26:933:Infinity":368,"s:935:4:944:Infinity":369,"b:942:35:942:63:942:63:942:Infinity":90,"f:950:10:950:34":76,"s:951:18:951:Infinity":370,"s:952:24:952:Infinity":371,"s:954:4:968:Infinity":372,"f:954:21:954:22":77,"s:956:22:956:Infinity":373,"s:957:22:957:Infinity":374,"s:960:25:960:Infinity":375,"s:961:25:961:Infinity":376,"s:964:21:964:Infinity":377,"s:965:21:965:Infinity":378,"s:967:6:967:Infinity":379,"f:974:10:974:25":78,"b:976:4:976:Infinity:undefined:undefined:undefined:undefined":91,"s:976:4:976:Infinity":380,"s:976:37:976:Infinity":381,"b:977:4:977:Infinity:undefined:undefined:undefined:undefined":92,"s:977:4:977:Infinity":382,"s:977:36:977:Infinity":383,"b:978:4:978:Infinity:undefined:undefined:undefined:undefined":93,"s:978:4:978:Infinity":384,"s:978:37:978:Infinity":385,"b:979:4:979:Infinity:undefined:undefined:undefined:undefined":94,"s:979:4:979:Infinity":386,"s:979:38:979:Infinity":387,"b:980:4:980:Infinity:undefined:undefined:undefined:undefined":95,"s:980:4:980:Infinity":388,"s:980:35:980:Infinity":389,"s:981:4:981:Infinity":390,"f:987:10:987:26":79,"b:988:4:988:Infinity:undefined:undefined:undefined:undefined":96,"s:988:4:988:Infinity":391,"b:988:8:988:32:988:32:988:55":97,"s:988:55:988:Infinity":392,"b:989:4:989:Infinity:undefined:undefined:undefined:undefined":98,"s:989:4:989:Infinity":393,"b:989:8:989:34:989:34:989:58":99,"s:989:58:989:Infinity":394,"b:990:4:990:Infinity:undefined:undefined:undefined:undefined":100,"s:990:4:990:Infinity":395,"b:990:8:990:34:990:34:990:58":101,"s:990:58:990:Infinity":396,"b:991:4:991:Infinity:undefined:undefined:undefined:undefined":102,"s:991:4:991:Infinity":397,"b:991:8:991:34:991:34:991:60":103,"s:991:60:991:Infinity":398,"s:992:4:992:Infinity":399,"f:998:10:998:25":80,"s:999:18:999:Infinity":400,"b:1002:4:1002:Infinity:undefined:undefined:undefined:undefined":104,"s:1002:4:1002:Infinity":401,"s:1002:37:1002:Infinity":402,"b:1003:4:1003:Infinity:undefined:undefined:undefined:undefined":105,"s:1003:4:1003:Infinity":403,"s:1003:37:1003:Infinity":404,"b:1004:4:1004:Infinity:undefined:undefined:undefined:undefined":106,"s:1004:4:1004:Infinity":405,"s:1004:36:1004:Infinity":406,"b:1005:4:1005:Infinity:undefined:undefined:undefined:undefined":107,"s:1005:4:1005:Infinity":407,"s:1005:38:1005:Infinity":408,"b:1008:4:1008:Infinity:undefined:undefined:undefined:undefined":108,"s:1008:4:1008:Infinity":409,"s:1008:29:1008:Infinity":410,"b:1009:4:1009:Infinity:undefined:undefined:undefined:undefined":109,"s:1009:4:1009:Infinity":411,"s:1009:28:1009:Infinity":412,"s:1011:4:1011:Infinity":413,"f:1017:8:1017:25":81,"s:1018:25:1018:Infinity":414,"b:1018:25:1018:35:1018:35:1018:Infinity":110,"s:1019:18:1019:Infinity":415,"s:1022:26:1022:Infinity":416,"b:1024:4:1026:Infinity:undefined:undefined:undefined:undefined":111,"s:1024:4:1026:Infinity":417,"s:1025:6:1025:Infinity":418,"s:1028:4:1028:Infinity":419,"s:1030:4:1034:Infinity":420,"f:1040:10:1040:28":82,"s:1041:27:1041:Infinity":421,"s:1044:21:1050:Infinity":422,"s:1053:24:1053:Infinity":423,"b:1054:4:1057:Infinity:undefined:undefined:undefined:undefined":112,"s:1054:4:1057:Infinity":424,"b:1054:8:1054:23:1054:23:1054:47":113,"s:1056:6:1056:Infinity":425,"s:1060:10:1060:Infinity":426,"b:1061:4:1064:Infinity:undefined:undefined:undefined:undefined":114,"s:1061:4:1064:Infinity":427,"b:1061:8:1061:21:1061:21:1061:33":115,"s:1063:6:1063:Infinity":428,"s:1066:4:1066:Infinity":429,"f:1072:8:1072:30":83,"s:1077:19:1077:Infinity":430,"b:1077:19:1077:38:1077:38:1077:Infinity":116,"s:1078:22:1078:Infinity":431,"s:1079:19:1079:Infinity":432,"s:1081:4:1098:Infinity":433,"s:1083:26:1083:Infinity":434,"s:1086:6:1086:Infinity":435,"s:1087:6:1087:Infinity":436,"b:1090:6:1097:Infinity:undefined:undefined:undefined:undefined":117,"s:1090:6:1097:Infinity":437,"s:1091:29:1091:Infinity":438,"s:1092:8:1096:Infinity":439,"s:1093:27:1093:Infinity":440,"s:1094:10:1094:Infinity":441,"s:1095:10:1095:Infinity":442,"s:1100:4:1100:Infinity":443,"f:1106:10:1106:31":84,"s:1107:16:1107:Infinity":444,"s:1109:4:1111:Infinity":445,"b:1110:6:1110:Infinity:undefined:undefined:undefined:undefined":118,"s:1110:6:1110:Infinity":446,"s:1110:45:1110:Infinity":447,"s:1113:4:1115:Infinity":448,"b:1114:6:1114:Infinity:undefined:undefined:undefined:undefined":119,"s:1114:6:1114:Infinity":449,"s:1114:45:1114:Infinity":450,"s:1117:4:1117:Infinity":451,"f:1123:10:1123:26":85,"s:1124:35:1124:Infinity":452,"b:1127:4:1129:Infinity:undefined:undefined:undefined:undefined":120,"s:1127:4:1129:Infinity":453,"s:1128:6:1128:Infinity":454,"b:1131:4:1133:Infinity:undefined:undefined:undefined:undefined":121,"s:1131:4:1133:Infinity":455,"s:1132:6:1132:Infinity":456,"b:1135:4:1137:Infinity:undefined:undefined:undefined:undefined":122,"s:1135:4:1137:Infinity":457,"s:1136:6:1136:Infinity":458,"s:1139:4:1139:Infinity":459,"f:1145:2:1145:32":86,"s:1146:18:1146:Infinity":460,"b:1149:4:1153:Infinity:1151:4:1153:Infinity":123,"s:1149:4:1153:Infinity":461,"s:1150:6:1150:Infinity":462,"b:1151:4:1153:Infinity:undefined:undefined:undefined:undefined":124,"s:1151:4:1153:Infinity":463,"s:1152:6:1152:Infinity":464,"b:1156:4:1158:Infinity:undefined:undefined:undefined:undefined":125,"s:1156:4:1158:Infinity":465,"s:1157:6:1157:Infinity":466,"s:1161:4:1161:Infinity":467,"s:1163:4:1168:Infinity":468,"f:1174:10:1174:36":87,"s:1175:28:1175:Infinity":469,"s:1176:24:1176:Infinity":470,"s:1178:4:1183:Infinity":471,"b:1179:6:1182:Infinity:undefined:undefined:undefined:undefined":126,"s:1179:6:1182:Infinity":472,"s:1180:8:1180:Infinity":473,"s:1181:8:1181:Infinity":474,"b:1186:4:1190:Infinity:1188:4:1190:Infinity":127,"s:1186:4:1190:Infinity":475,"b:1186:8:1186:29:1186:29:1186:55":128,"s:1187:6:1187:Infinity":476,"b:1188:4:1190:Infinity:undefined:undefined:undefined:undefined":129,"s:1188:4:1190:Infinity":477,"s:1189:6:1189:Infinity":478,"f:1193:2:1193:18":88,"b:1194:4:1197:Infinity:undefined:undefined:undefined:undefined":130,"s:1194:4:1197:Infinity":479,"s:1195:6:1195:Infinity":480,"s:1196:6:1196:Infinity":481,"b:1199:4:1202:Infinity:undefined:undefined:undefined:undefined":131,"s:1199:4:1202:Infinity":482,"s:1200:6:1200:Infinity":483,"s:1201:6:1201:Infinity":484,"s:1204:4:1204:Infinity":485,"s:1205:4:1205:Infinity":486,"s:1210:32:1210:Infinity":487}}}
}
